\BOOKMARK [0][-]{chapter.1}{\376\377\000I\000n\000t\000r\000o\000d\000u\000c\000t\000i\000o\000n\000\040}{}% 1
\BOOKMARK [1][-]{section.1.1}{\376\377\000G\000\351\000n\000\351\000r\000a\000l\000i\000t\000\351\000s}{chapter.1}% 2
\BOOKMARK [1][-]{section.1.2}{\376\377\000C\000o\000n\000v\000e\000n\000t\000i\000o\000n\000s}{chapter.1}% 3
\BOOKMARK [0][-]{chapter.2}{\376\377\000M\000o\000d\000\351\000l\000i\000s\000a\000t\000i\000o\000n\000\040\000d\000e\000\040\000l\000'\000A\000O\000P}{}% 4
\BOOKMARK [1][-]{section.2.1}{\376\377\000M\000o\000d\000\350\000l\000e\000\040\000t\000h\000\351\000o\000r\000i\000q\000u\000e}{chapter.2}% 5
\BOOKMARK [1][-]{section.2.2}{\376\377\000M\000o\000d\000\350\000l\000e\000\040\000r\000\351\000e\000l}{chapter.2}% 6
\BOOKMARK [1][-]{section.2.3}{\376\377\000\040\000M\000o\000d\000e\000s\000\040\000d\000e\000\040\000f\000o\000n\000c\000t\000i\000o\000n\000n\000e\000m\000e\000n\000t}{chapter.2}% 7
\BOOKMARK [2][-]{subsection.2.3.1}{\376\377\000M\000o\000n\000t\000a\000g\000e\000s\000\040\000l\000i\000n\000\351\000a\000i\000r\000e\000s\000\040}{section.2.3}% 8
\BOOKMARK [2][-]{subsection.2.3.2}{\376\377\000M\000o\000n\000t\000a\000g\000e\000s\000\040\000c\000o\000m\000p\000a\000r\000a\000t\000e\000u\000r\000s}{section.2.3}% 9
\BOOKMARK [1][-]{section.2.4}{\376\377\000R\000\351\000s\000i\000s\000t\000a\000n\000c\000e\000\040\000d\000e\000\040\000c\000h\000a\000r\000g\000e}{chapter.2}% 10
\BOOKMARK [0][-]{chapter.3}{\376\377\000\311\000t\000u\000d\000e\000\040\000e\000n\000\040\000m\000o\000d\000e\000\040\000l\000i\000n\000\351\000a\000i\000r\000e}{}% 11
\BOOKMARK [1][-]{section.3.1}{\376\377\000I\000n\000t\000\351\000r\000\352\000t\000\040\000d\000e\000\040\000l\040\031\000\351\000t\000u\000d\000e\000\040}{chapter.3}% 12
\BOOKMARK [1][-]{section.3.2}{\376\377\000M\000\351\000t\000h\000o\000d\000e\000\040\000d\000e\000\040\000r\000\351\000s\000o\000l\000u\000t\000i\000o\000n}{chapter.3}% 13
\BOOKMARK [-1][-]{part.1}{\376\377\000I\000\040\000M\000o\000n\000t\000a\000g\000e\000s}{}% 14
\BOOKMARK [0][-]{chapter.4}{\376\377\000M\000o\000n\000t\000a\000g\000e\000\040\000s\000u\000i\000v\000e\000u\000r\000\040}{part.1}% 15
\BOOKMARK [1][-]{section.4.1}{\376\377\000P\000r\000\351\000s\000e\000n\000t\000a\000t\000i\000o\000n}{chapter.4}% 16
\BOOKMARK [1][-]{section.4.2}{\376\377\000M\000o\000n\000t\000a\000g\000e}{chapter.4}% 17
\BOOKMARK [1][-]{section.4.3}{\376\377\000D\000\351\000m\000o\000n\000s\000t\000r\000a\000t\000i\000o\000n}{chapter.4}% 18
\BOOKMARK [0][-]{chapter.5}{\376\377\000M\000o\000n\000t\000a\000g\000e\000\040\000n\000o\000n\000-\000i\000n\000v\000e\000r\000s\000e\000u\000r}{part.1}% 19
\BOOKMARK [1][-]{section.5.1}{\376\377\000P\000r\000\351\000s\000e\000n\000t\000a\000t\000i\000o\000n}{chapter.5}% 20
\BOOKMARK [1][-]{section.5.2}{\376\377\000M\000o\000n\000t\000a\000g\000e}{chapter.5}% 21
\BOOKMARK [1][-]{section.5.3}{\376\377\000D\000\351\000m\000o\000n\000s\000t\000r\000a\000t\000i\000o\000n}{chapter.5}% 22
\BOOKMARK [2][-]{subsection.5.3.1}{\376\377\000E\000x\000e\000m\000p\000l\000e}{section.5.3}% 23
\BOOKMARK [0][-]{chapter.6}{\376\377\000M\000o\000n\000t\000a\000g\000e\000\040\000i\000n\000v\000e\000r\000s\000e\000u\000r}{part.1}% 24
\BOOKMARK [1][-]{section.6.1}{\376\377\000P\000r\000\351\000s\000e\000n\000t\000a\000t\000i\000o\000n}{chapter.6}% 25
\BOOKMARK [1][-]{section.6.2}{\376\377\000M\000o\000n\000t\000a\000g\000e}{chapter.6}% 26
\BOOKMARK [1][-]{section.6.3}{\376\377\000D\000\351\000m\000o\000n\000s\000t\000r\000a\000t\000i\000o\000n}{chapter.6}% 27
\BOOKMARK [1][-]{section.6.4}{\376\377\000A\000p\000p\000l\000i\000c\000a\000t\000i\000o\000n}{chapter.6}% 28
\BOOKMARK [0][-]{chapter.7}{\376\377\000M\000o\000n\000t\000a\000g\000e\000s\000\040\000c\000o\000m\000p\000a\000r\000a\000t\000e\000u\000r\000s}{part.1}% 29
\BOOKMARK [1][-]{section.7.1}{\376\377\000P\000r\000\351\000s\000e\000n\000t\000a\000t\000i\000o\000n}{chapter.7}% 30
\BOOKMARK [2][-]{subsection.7.1.1}{\376\377\000C\000o\000m\000p\000a\000r\000a\000t\000e\000u\000r\000\040\000n\000o\000n\000\040\000i\000n\000v\000e\000r\000s\000e\000u\000r\000\040\000s\000i\000m\000p\000l\000e\000\040\000s\000e\000u\000i\000l}{section.7.1}% 31
\BOOKMARK [3][-]{section*.16}{\376\377\000P\000r\000\351\000s\000e\000n\000t\000a\000t\000i\000o\000n}{subsection.7.1.1}% 32
\BOOKMARK [3][-]{section*.16}{\376\377\000M\000o\000n\000t\000a\000g\000e}{subsection.7.1.1}% 33
\BOOKMARK [2][-]{subsection.7.1.2}{\376\377\000C\000o\000m\000p\000a\000r\000a\000t\000e\000u\000r\000\040\000i\000n\000v\000e\000r\000s\000e\000u\000r\000\040\000s\000i\000m\000p\000l\000e\000\040\000s\000e\000u\000i\000l}{section.7.1}% 34
\BOOKMARK [2][-]{subsection.7.1.3}{\376\377\000C\000o\000m\000p\000a\000r\000a\000t\000e\000u\000r\000\040\000n\000o\000n\000\040\000i\000n\000v\000e\000r\000s\000e\000u\000r\000\040\000d\000o\000u\000b\000l\000e\000\040\000s\000e\000u\000i\000l}{section.7.1}% 35
\BOOKMARK [3][-]{section*.19}{\376\377\000P\000r\000\351\000s\000e\000n\000t\000a\000t\000i\000o\000n}{subsection.7.1.3}% 36
\BOOKMARK [3][-]{section*.19}{\376\377\000M\000o\000n\000t\000a\000g\000e}{subsection.7.1.3}% 37
\BOOKMARK [3][-]{figure.caption.20}{\376\377\000A\000p\000p\000l\000i\000c\000a\000t\000i\000o\000n}{subsection.7.1.3}% 38
\BOOKMARK [2][-]{subsection.7.1.4}{\376\377\000C\000o\000m\000p\000a\000r\000a\000t\000e\000u\000r\000\040\000i\000n\000v\000e\000r\000s\000e\000u\000r\000\040\000d\000o\000u\000b\000l\000e\000\040\000s\000e\000u\000i\000l}{section.7.1}% 39
\BOOKMARK [3][-]{section*.25}{\376\377\000M\000o\000n\000t\000a\000g\000e}{subsection.7.1.4}% 40
\BOOKMARK [3][-]{figure.caption.26}{\376\377\000D\000\351\000m\000o\000n\000s\000t\000r\000a\000t\000i\000o\000n}{subsection.7.1.4}% 41
\BOOKMARK [0][-]{chapter.8}{\376\377\000M\000o\000n\000t\000a\000g\000e\000\040\000i\000n\000t\000\351\000g\000r\000a\000t\000e\000u\000r}{part.1}% 42
\BOOKMARK [1][-]{section.8.1}{\376\377\000P\000r\000\351\000s\000e\000n\000t\000a\000t\000i\000o\000n}{chapter.8}% 43
\BOOKMARK [1][-]{section.8.2}{\376\377\000M\000o\000n\000t\000a\000g\000e}{chapter.8}% 44
\BOOKMARK [1][-]{section.8.3}{\376\377\000D\000\351\000m\000o\000n\000s\000t\000r\000a\000t\000i\000o\000n}{chapter.8}% 45
\BOOKMARK [1][-]{section.8.4}{\376\377\000A\000p\000p\000l\000i\000c\000a\000t\000i\000o\000n}{chapter.8}% 46
\BOOKMARK [0][-]{chapter.9}{\376\377\000M\000o\000n\000t\000a\000g\000e\000\040\000s\000o\000u\000s\000t\000r\000a\000c\000t\000e\000u\000r}{part.1}% 47
\BOOKMARK [1][-]{section.9.1}{\376\377\000P\000r\000\351\000s\000e\000n\000t\000a\000t\000i\000o\000n}{chapter.9}% 48
\BOOKMARK [1][-]{section.9.2}{\376\377\000M\000o\000n\000t\000a\000g\000e}{chapter.9}% 49
\BOOKMARK [1][-]{section.9.3}{\376\377\000D\000\351\000m\000o\000n\000s\000t\000r\000a\000t\000i\000o\000n}{chapter.9}% 50
\BOOKMARK [1][-]{section.9.4}{\376\377\000A\000p\000p\000l\000i\000c\000a\000t\000i\000o\000n}{chapter.9}% 51
\BOOKMARK [0][-]{chapter.10}{\376\377\000M\000o\000n\000t\000a\000g\000e\000\040\000s\000o\000m\000m\000a\000t\000e\000u\000r}{part.1}% 52
\BOOKMARK [1][-]{section.10.1}{\376\377\000P\000r\000\351\000s\000e\000n\000t\000a\000t\000i\000o\000n}{chapter.10}% 53
\BOOKMARK [1][-]{section.10.2}{\376\377\000M\000o\000n\000t\000a\000g\000e}{chapter.10}% 54
\BOOKMARK [1][-]{section.10.3}{\376\377\000D\000\351\000m\000o\000n\000s\000t\000r\000a\000t\000i\000o\000n}{chapter.10}% 55
\BOOKMARK [0][-]{equation.10.3.3}{\376\377\000T\000a\000b\000l\000e\000\040\000d\000e\000s\000\040\000f\000i\000g\000u\000r\000e\000s}{part.1}% 56
