\BOOKMARK [0][-]{chapter.1}{\376\377\000C\000o\000n\000v\000e\000r\000s\000i\000o\000n\000\040\000d\000e\000s\000\040\000n\000o\000m\000b\000r\000e\000s}{}% 1
\BOOKMARK [1][-]{section.1.1}{\376\377\000C\000o\000d\000e\000r\000\040\000u\000n\000\040\000n\000o\000m\000b\000r\000e\000\040\000d\000a\000n\000s\000\040\000l\000a\000\040\000n\000o\000r\000m\000e\000\040\000I\000E\000E\000E\0007\0005\0004}{chapter.1}% 2
\BOOKMARK [2][-]{subsection.1.1.1}{\376\377\000S\000i\000g\000n\000e\000\040\000d\000u\000\040\000n\000o\000m\000b\000r\000e}{section.1.1}% 3
\BOOKMARK [2][-]{subsection.1.1.2}{\376\377\000L\000a\000\040\000m\000a\000n\000t\000i\000s\000s\000e}{section.1.1}% 4
\BOOKMARK [3][-]{section*.2}{\376\377\000L\000a\000\040\000p\000a\000r\000t\000i\000e\000\040\000e\000n\000t\000i\000\350\000r\000e}{subsection.1.1.2}% 5
\BOOKMARK [3][-]{section*.2}{\376\377\000L\000a\000\040\000p\000a\000r\000t\000i\000e\000\040\000d\000\351\000c\000i\000m\000a\000l\000e}{subsection.1.1.2}% 6
\BOOKMARK [2][-]{subsection.1.1.3}{\376\377\000N\000o\000r\000m\000a\000l\000i\000s\000a\000t\000i\000o\000n\000\040\000d\000e\000\040\000l\000a\000\040\000m\000a\000n\000t\000i\000s\000s\000e}{section.1.1}% 7
\BOOKMARK [2][-]{subsection.1.1.4}{\376\377\000G\000e\000s\000t\000i\000o\000n\000\040\000d\000e\000\040\000l\000'\000e\000x\000p\000o\000s\000a\000n\000t}{section.1.1}% 8
\BOOKMARK [3][-]{section*.3}{\376\377\000B\000i\000a\000i\000s\000\040\000d\000e\000\040\000l\000'\000e\000x\000p\000o\000s\000a\000n\000t}{subsection.1.1.4}% 9
\BOOKMARK [2][-]{subsection.1.1.5}{\376\377\000M\000i\000s\000e\000\040\000e\000n\000\040\000p\000l\000a\000c\000e\000\040\000d\000e\000s\000\040\000c\000o\000m\000p\000o\000s\000a\000n\000t\000e\000s\000\040\000d\000e\000\040\000l\000a\000\040\000t\000r\000a\000m\000e}{section.1.1}% 10
\BOOKMARK [2][-]{subsection.1.1.6}{\376\377\000C\000o\000n\000v\000e\000r\000s\000i\000o\000n\000\040\000e\000n\000\040\000h\000e\000x\000a\000d\000\351\000c\000i\000m\000a\000l}{section.1.1}% 11
\BOOKMARK [2][-]{subsection.1.1.7}{\376\377\000C\000a\000s\000\040\000d\000e\000s\000\040\000v\000a\000l\000e\000u\000r\000s\000\040\000n\000\351\000g\000a\000t\000i\000v\000e\000s}{section.1.1}% 12
\BOOKMARK [0][-]{chapter.2}{\376\377\000T\000D\000\040\0004}{}% 13
\BOOKMARK [1][-]{section.2.1}{\376\377\000Q\000u\000e\000s\000t\000i\000o\000n\000\040\0001}{chapter.2}% 14
\BOOKMARK [2][-]{subsection.2.1.1}{\376\377\0001\000.\000a}{section.2.1}% 15
\BOOKMARK [2][-]{subsection.2.1.2}{\376\377\0001\000.\000b}{section.2.1}% 16
\BOOKMARK [2][-]{subsection.2.1.3}{\376\377\0001\000.\000c}{section.2.1}% 17
\BOOKMARK [1][-]{section.2.2}{\376\377\000Q\000u\000e\000s\000t\000i\000o\000n\000\040\0002}{chapter.2}% 18
\BOOKMARK [2][-]{subsection.2.2.1}{\376\377\0002\000.\000a\000\051}{section.2.2}% 19
\BOOKMARK [3][-]{section*.6}{\376\377\000I\000n\000s\000t\000r\000u\000c\000t\000i\000o\000n}{subsection.2.2.1}% 20
\BOOKMARK [3][-]{lstnumber.-1.3}{\376\377\000J\000u\000s\000t\000i\000f\000i\000c\000a\000t\000i\000o\000n\000\040\000d\000e\000\040\000l\000'\000i\000n\000s\000t\000r\000u\000c\000t\000i\000o\000n}{subsection.2.2.1}% 21
\BOOKMARK [3][-]{lstnumber.-1.3}{\376\377\000E\000x\000e\000m\000p\000l\000e}{subsection.2.2.1}% 22
\BOOKMARK [2][-]{subsection.2.2.2}{\376\377\0002\000.\000b\000\051}{section.2.2}% 23
\BOOKMARK [3][-]{section*.7}{\376\377\000I\000n\000s\000t\000r\000u\000c\000t\000i\000o\000n\000s}{subsection.2.2.2}% 24
\BOOKMARK [3][-]{lstnumber.-2.15}{\376\377\000J\000u\000s\000t\000i\000f\000i\000c\000a\000t\000i\000o\000n\000\040\000d\000e\000\040\000l\000'\000i\000n\000s\000t\000r\000u\000c\000t\000i\000o\000n}{subsection.2.2.2}% 25
\BOOKMARK [3][-]{lstnumber.-2.15}{\376\377\000E\000x\000e\000m\000p\000l\000e}{subsection.2.2.2}% 26
\BOOKMARK [2][-]{subsection.2.2.3}{\376\377\0002\000.\000c\000\051}{section.2.2}% 27
\BOOKMARK [3][-]{section*.8}{\376\377\000I\000n\000s\000t\000r\000u\000c\000t\000i\000o\000n\000s}{subsection.2.2.3}% 28
\BOOKMARK [3][-]{lstnumber.-3.13}{\376\377\000P\000r\000\351\000s\000e\000n\000t\000a\000t\000i\000o\000n}{subsection.2.2.3}% 29
\BOOKMARK [1][-]{section.2.3}{\376\377\000Q\000u\000e\000s\000t\000i\000o\000n\000\040\0003}{chapter.2}% 30
\BOOKMARK [2][-]{subsection.2.3.1}{\376\377\000a\000\051}{section.2.3}% 31
\BOOKMARK [2][-]{subsection.2.3.2}{\376\377\000I\000n\000s\000t\000r\000u\000c\000t\000i\000o\000n\000s\000\040\000B\000S\000R\000R}{section.2.3}% 32
\BOOKMARK [2][-]{subsection.2.3.3}{\376\377\000J\000u\000s\000t\000i\000f\000i\000c\000a\000t\000i\000o\000n\000\040\000d\000e\000\040\000l\000'\000i\000n\000s\000t\000r\000u\000c\000t\000i\000o\000n\000\040\000B\000S\000R\000R}{section.2.3}% 33
\BOOKMARK [2][-]{subsection.2.3.4}{\376\377\000I\000n\000s\000t\000r\000u\000c\000t\000i\000o\000n\000s\000\040\000O\000D\000R}{section.2.3}% 34
\BOOKMARK [2][-]{subsection.2.3.5}{\376\377\000J\000u\000s\000t\000i\000f\000i\000c\000a\000t\000i\000o\000n\000\040\000d\000e\000\040\000l\000'\000i\000n\000s\000t\000r\000u\000c\000t\000i\000o\000n\000\040\000O\000D\000R}{section.2.3}% 35
\BOOKMARK [2][-]{subsection.2.3.6}{\376\377\000b\000\051}{section.2.3}% 36
\BOOKMARK [2][-]{subsection.2.3.7}{\376\377\000J\000u\000s\000t\000i\000f\000i\000c\000a\000t\000i\000o\000n\000\040\000d\000e\000\040\000l\000'\000i\000n\000s\000t\000r\000u\000c\000t\000i\000o\000n\000\040\000i\000n\000p\000u\000t}{section.2.3}% 37
\BOOKMARK [2][-]{subsection.2.3.8}{\376\377\000c\000\051\000\040\000C\000o\000d\000e\000\040\000f\000i\000n\000a\000l}{section.2.3}% 38
