\BOOKMARK [0][-]{chapter.1}{\376\377\000L\000a\000\040\000b\000a\000t\000a\000i\000l\000l\000e\000\040\000d\000e\000\040\000W\000a\000t\000e\000r\000l\000o\000o}{}% 1
\BOOKMARK [1][-]{section.1.1}{\376\377\000I\000n\000t\000r\000o\000d\000u\000c\000t\000i\000o\000n}{chapter.1}% 2
\BOOKMARK [0][-]{chapter.2}{\376\377\000B\000i\000b\000l\000i\000o\000t\000h\000\350\000q\000u\000e\000\040\000L\000a\000y\000o\000u\000t}{}% 3
\BOOKMARK [1][-]{section.2.1}{\376\377\000L\000e\000s\000\040\000c\000o\000m\000m\000a\000n\000d\000e\000s}{chapter.2}% 4
\BOOKMARK [2][-]{subsection.2.1.1}{\376\377\000M\000i\000s\000e\000\040\000e\000n\000\040\000f\000o\000r\000m\000e\000\040\000d\000e\000\040\000l\000a\000\040\000p\000a\000g\000e\000\040\000d\000e\000\040\000g\000a\000r\000d\000e\000\040\000a\000v\000e\000c\000\040\000i\000m\000a\000g\000e}{section.2.1}% 5
\BOOKMARK [2][-]{subsection.2.1.2}{\376\377\000M\000i\000s\000e\000\040\000e\000n\000\040\000f\000o\000r\000m\000e\000\040\000d\000e\000\040\000l\000a\000\040\000p\000a\000g\000e\000\040\000d\000e\000\040\000g\000a\000r\000d\000e\000\040\000s\000a\000n\000s\000\040\000i\000m\000a\000g\000e}{section.2.1}% 6
\BOOKMARK [2][-]{subsection.2.1.3}{\376\377\000A\000j\000o\000u\000t\000\040\000d\000'\000u\000n\000\040\000t\000r\000a\000i\000t\000\040\000e\000n\000t\000r\000e\000\040\000l\000'\000e\000n\000-\000t\000\352\000t\000e\000\040\000e\000t\000\040\000l\000e\000\040\000c\000o\000r\000p\000s\000\040\000d\000e\000\040\000l\000a\000\040\000p\000a\000g\000e}{section.2.1}% 7
\BOOKMARK [2][-]{subsection.2.1.4}{\376\377\000A\000j\000o\000u\000t\000\040\000d\000'\000u\000n\000\040\000t\000r\000a\000i\000t\000\040\000e\000n\000t\000r\000e\000\040\000l\000e\000\040\000c\000o\000r\000p\000s\000\040\000d\000e\000\040\000l\000a\000\040\000p\000a\000g\000e\000\040\000e\000t\000\040\000l\000e\000\040\000b\000a\000s\000\040\000d\000e\000\040\000p\000a\000g\000e}{section.2.1}% 8
\BOOKMARK [2][-]{subsection.2.1.5}{\376\377\000D\000\351\000f\000i\000n\000i\000t\000i\000o\000n\000\040\000d\000e\000\040\000l\000a\000\040\000p\000r\000\351\000s\000e\000n\000t\000a\000t\000i\000o\000n\000\040\000g\000l\000o\000b\000a\000l\000e\000\040\000d\000e\000s\000\040\000p\000a\000g\000e\000s}{section.2.1}% 9
\BOOKMARK [2][-]{subsection.2.1.6}{\376\377\000R\000e\000d\000\351\000f\000i\000n\000i\000r\000\040\000l\000e\000s\000\040\000t\000i\000t\000r\000e\000s\000\040\000d\000e\000s\000\040\000c\000h\000a\000p\000i\000t\000r\000e\000s}{section.2.1}% 10
\BOOKMARK [2][-]{subsection.2.1.7}{\376\377\000M\000e\000t\000t\000r\000e\000\040\000l\000e\000\040\000d\000o\000c\000u\000m\000e\000n\000t\000\040\000e\000n\000\040\000p\000l\000e\000i\000n\000e\000\040\000p\000a\000g\000e}{section.2.1}% 11
\BOOKMARK [2][-]{subsection.2.1.8}{\376\377\000M\000i\000s\000e\000\040\000e\000n\000\040\000g\000r\000a\000s}{section.2.1}% 12
\BOOKMARK [2][-]{subsection.2.1.9}{\376\377\000M\000i\000s\000e\000\040\000e\000n\000\040\000i\000t\000a\000l\000i\000q\000u\000e}{section.2.1}% 13
\BOOKMARK [2][-]{subsection.2.1.10}{\376\377\000M\000i\000s\000e\000\040\000e\000n\000\040\000g\000r\000a\000s\000\040\000e\000t\000\040\000i\000t\000a\000l\000i\000q\000u\000e}{section.2.1}% 14
\BOOKMARK [2][-]{subsection.2.1.11}{\376\377\000A\000j\000o\000u\000t\000\040\000d\000'\000u\000n\000e\000\040\000i\000m\000a\000g\000e\000\040\000n\000o\000n\000-\000f\000l\000o\000t\000t\000a\000n\000t\000e}{section.2.1}% 15
\BOOKMARK [2][-]{subsection.2.1.12}{\376\377\000A\000j\000o\000u\000t\000\040\000d\000'\000u\000n\000e\000\040\000i\000m\000a\000g\000e\000\040\000f\000l\000o\000t\000t\000a\000n\000t\000e}{section.2.1}% 16
\BOOKMARK [2][-]{subsection.2.1.13}{\376\377\000A\000j\000o\000u\000t\000\040\000d\000'\000u\000n\000\040\000e\000s\000p\000a\000c\000e\000\040\000v\000e\000r\000t\000i\000c\000a\000l}{section.2.1}% 17
\BOOKMARK [2][-]{subsection.2.1.14}{\376\377\000A\000j\000o\000u\000t\000\040\000d\000'\000u\000n\000e\000\040\000b\000o\000i\000t\000e\000\040\000d\000e\000\040\000d\000i\000a\000l\000o\000g\000u\000e}{section.2.1}% 18
\BOOKMARK [1][-]{section.2.2}{\376\377\000L\000e\000s\000\040\000e\000n\000v\000i\000r\000o\000n\000n\000e\000m\000e\000n\000t\000s\000\040\000d\000e\000\040\000l\000a\000\040\000b\000i\000b\000l\000i\000o\000t\000h\000\350\000q\000u\000e}{chapter.2}% 19
\BOOKMARK [2][-]{subsection.2.2.1}{\376\377\000E\000n\000v\000i\000r\000o\000n\000n\000e\000m\000e\000n\000t\000\040\000'\000q\000u\000e\000s\000t\000i\000o\000n\000'\000\040}{section.2.2}% 20
\BOOKMARK [2][-]{subsection.2.2.2}{\376\377\000E\000n\000v\000i\000r\000o\000n\000n\000e\000m\000e\000n\000t\000\040\000'\000r\000e\000p\000o\000n\000s\000e\000'\000\040}{section.2.2}% 21
\BOOKMARK [2][-]{subsection.2.2.3}{\376\377\000E\000n\000v\000i\000r\000o\000n\000n\000e\000m\000e\000n\000t\000\040\000'\000p\000r\000o\000p\000r\000i\000e\000t\000e\000'\000\040}{section.2.2}% 22
\BOOKMARK [2][-]{subsection.2.2.4}{\376\377\000E\000n\000v\000i\000r\000o\000n\000n\000e\000m\000e\000n\000t\000\040\000'\000p\000r\000o\000p\000o\000s\000i\000t\000i\000o\000n\000'\000\040}{section.2.2}% 23
\BOOKMARK [2][-]{subsection.2.2.5}{\376\377\000E\000n\000v\000i\000r\000o\000n\000n\000e\000m\000e\000n\000t\000\040\000'\000r\000e\000m\000a\000r\000q\000u\000e\000'\000\040}{section.2.2}% 24
\BOOKMARK [2][-]{subsection.2.2.6}{\376\377\000E\000n\000v\000i\000r\000o\000n\000n\000e\000m\000e\000n\000t\000\040\000'\000e\000x\000e\000m\000p\000l\000e\000'\000\040}{section.2.2}% 25
\BOOKMARK [2][-]{subsection.2.2.7}{\376\377\000E\000n\000v\000i\000r\000o\000n\000n\000e\000m\000e\000n\000t\000\040\000'\000d\000e\000f\000i\000n\000i\000t\000i\000o\000n\000'\000\040}{section.2.2}% 26
\BOOKMARK [0][-]{chapter.3}{\376\377\000B\000i\000l\000b\000i\000o\000t\000h\000\350\000q\000u\000e\000\040\000'\000L\000i\000n\000k\000s\000'}{}% 27
\BOOKMARK [1][-]{section.3.1}{\376\377\000L\000e\000s\000\040\000c\000o\000m\000m\000a\000n\000d\000e\000s}{chapter.3}% 28
\BOOKMARK [2][-]{subsection.3.1.1}{\376\377\000d\000\351\000f\000i\000n\000i\000t\000i\000o\000n\000\040\000d\000e\000s\000\040\000l\000i\000e\000n\000s\000\040\000d\000a\000n\000s\000\040\000l\000e\000\040\000d\000o\000c\000u\000m\000e\000n\000t}{section.3.1}% 29
\BOOKMARK [0][-]{chapter.4}{\376\377\000B\000i\000l\000b\000i\000o\000t\000h\000\350\000q\000u\000e\000\040\000'\000m\000a\000t\000h\000s\000'}{}% 30
\BOOKMARK [1][-]{section.4.1}{\376\377\000L\000e\000s\000\040\000c\000o\000m\000m\000a\000n\000d\000e\000s}{chapter.4}% 31
\BOOKMARK [2][-]{subsection.4.1.1}{\376\377\000C\000r\000\351\000a\000t\000i\000o\000n\000\040\000d\000'\000u\000n\000e\000\040\000m\000a\000t\000r\000i\000c\000e\000\040\0003\000*\0003}{section.4.1}% 32
\BOOKMARK [2][-]{subsection.4.1.2}{\376\377\000C\000r\000\351\000a\000t\000i\000o\000n\000\040\000d\000'\000u\000n\000\040\000v\000e\000c\000t\000e\000u\000r\000\040\000\340\000\040\000t\000r\000o\000i\000s\000\040\000d\000i\000m\000e\000n\000s\000i\000o\000n\000s}{section.4.1}% 33
\BOOKMARK [0][-]{chapter.5}{\376\377\000B\000i\000l\000b\000i\000o\000t\000h\000\350\000q\000u\000e\000\040\000'\000P\000r\000o\000g\000r\000a\000m\000m\000i\000n\000g\000'}{}% 34
\BOOKMARK [1][-]{section.5.1}{\376\377\000L\000e\000s\000\040\000e\000n\000v\000i\000r\000o\000n\000n\000e\000m\000e\000n\000t\000s}{chapter.5}% 35
\BOOKMARK [2][-]{subsection.5.1.1}{\376\377\000A\000f\000f\000i\000c\000h\000a\000g\000e\000\040\000d\000'\000u\000n\000\040\000c\000o\000d\000e\000\040\000C\000/\000C\000+\000+\000\040\000a\000v\000e\000c\000\040\000t\000i\000t\000r\000e}{section.5.1}% 36
\BOOKMARK [2][-]{subsection.5.1.2}{\376\377\000A\000f\000f\000i\000c\000h\000a\000g\000e\000\040\000d\000'\000u\000n\000\040\000c\000o\000d\000e\000\040\000C\000/\000C\000+\000+\000\040\000s\000a\000n\000s\000\040\000t\000i\000t\000r\000e}{section.5.1}% 37
\BOOKMARK [2][-]{subsection.5.1.3}{\376\377\000A\000f\000f\000i\000c\000h\000a\000g\000e\000\040\000d\000'\000u\000n\000\040\000c\000o\000d\000e\000\040\000P\000y\000t\000h\000o\000n\000\040\000a\000v\000e\000c\000\040\000t\000i\000t\000r\000e}{section.5.1}% 38
\BOOKMARK [2][-]{subsection.5.1.4}{\376\377\000A\000f\000f\000i\000c\000h\000a\000g\000e\000\040\000d\000'\000u\000n\000\040\000c\000o\000d\000e\000\040\000P\000y\000t\000h\000o\000n\000\040\000s\000a\000n\000s\000\040\000t\000i\000t\000r\000e}{section.5.1}% 39
\BOOKMARK [2][-]{subsection.5.1.5}{\376\377\000A\000f\000f\000i\000c\000h\000a\000g\000e\000\040\000d\000'\000u\000n\000\040\000c\000o\000d\000e\000\040\000B\000a\000s\000h\000\040\000a\000v\000e\000c\000\040\000t\000i\000t\000r\000e}{section.5.1}% 40
\BOOKMARK [2][-]{subsection.5.1.6}{\376\377\000A\000f\000f\000i\000c\000h\000a\000g\000e\000\040\000d\000'\000u\000n\000\040\000c\000o\000d\000e\000\040\000b\000a\000s\000h\000\040\000s\000a\000n\000s\000\040\000t\000i\000t\000r\000e}{section.5.1}% 41
\BOOKMARK [0][-]{chapter.6}{\376\377\000B\000i\000l\000b\000i\000o\000t\000h\000\350\000q\000u\000e\000\040\000'\000L\000a\000b\000e\000l\000s\000'}{}% 42
\BOOKMARK [0][-]{chapter.7}{\376\377\000B\000i\000l\000b\000i\000o\000t\000h\000\350\000q\000u\000e\000\040\000'\000G\000r\000a\000p\000h\000i\000c\000'}{}% 43
\BOOKMARK [1][-]{section.7.1}{\376\377\000G\000r\000a\000p\000h\000i\000q\000u\000e\000s\000\040\0002\000D}{chapter.7}% 44
\BOOKMARK [2][-]{subsection.7.1.1}{\376\377\000A\000f\000f\000i\000c\000h\000a\000g\000e\000\040\000d\000'\000u\000n\000\040\000g\000r\000a\000p\000h\000i\000q\000u\000e\000\040\0002\000D\000\040\000a\000v\000e\000c\000\040\000i\000n\000s\000e\000r\000t\000i\000o\000n\000\040\000d\000e\000s\000\040\000d\000o\000n\000n\000\351\000e\000s\000\040\000d\000e\000p\000u\000i\000s\000\040\000u\000n\000\040\000f\000i\000c\000h\000i\000e\000r\000\040\000t\000x\000t\000\040\000\050\000c\000s\000v\000\051}{section.7.1}% 45
\BOOKMARK [2][-]{subsection.7.1.2}{\376\377\000A\000f\000f\000i\000c\000h\000a\000g\000e\000\040\000d\000'\000u\000n\000\040\000g\000r\000a\000p\000h\000i\000q\000u\000e\000\040\0002\000D\000\040\000a\000v\000e\000c\000\040\000i\000n\000s\000e\000r\000t\000i\000o\000n\000\040\000d\000e\000s\000\040\000d\000o\000n\000n\000\351\000e\000s\000\040\000d\000e\000p\000u\000i\000s\000\040\000u\000n\000e\000\040\000l\000i\000s\000t\000e\000\040\000d\000e\000\040\000p\000o\000i\000n\000t\000s}{section.7.1}% 46
\BOOKMARK [2][-]{subsection.7.1.3}{\376\377\000A\000f\000f\000i\000c\000h\000a\000g\000e\000\040\000d\000e\000\040\000p\000l\000u\000s\000i\000e\000u\000r\000s\000\040\000g\000r\000a\000p\000h\000i\000q\000u\000e\000s\000\040\000a\000v\000e\000c\000\040\000i\000n\000s\000e\000r\000t\000i\000o\000n\000\040\000d\000e\000s\000\040\000d\000o\000n\000n\000\351\000e\000s\000\040\000d\000e\000p\000u\000i\000s\000\040\000u\000n\000\040\000f\000i\000c\000h\000i\000e\000r\000\040\000e\000x\000t\000e\000r\000n\000e}{section.7.1}% 47
\BOOKMARK [2][-]{subsection.7.1.4}{\376\377\000A\000f\000f\000i\000c\000h\000a\000g\000e\000\040\000d\000'\000u\000n\000\040\000g\000r\000a\000p\000h\000i\000q\000u\000e\000\040\0002\000D\000\040\000a\000v\000e\000c\000\040\000i\000n\000s\000e\000r\000t\000i\000o\000n\000\040\000d\000e\000s\000\040\000d\000o\000n\000n\000\351\000e\000s\000\040\000d\000e\000p\000u\000i\000s\000\040\000p\000l\000u\000s\000i\000e\000u\000r\000s\000\040\000s\000o\000u\000r\000c\000e\000s}{section.7.1}% 48
\BOOKMARK [1][-]{section.7.2}{\376\377\000G\000r\000a\000p\000h\000i\000q\000u\000e\000s\000\040\0003\000D}{chapter.7}% 49
\BOOKMARK [2][-]{subsection.7.2.1}{\376\377\000A\000f\000f\000i\000c\000h\000a\000g\000e\000\040\000d\000'\000u\000n\000\040\000g\000r\000a\000p\000h\000i\000q\000u\000e\000\040\0003\000D\000\040\000a\000v\000e\000c\000\040\000i\000n\000s\000e\000r\000t\000i\000o\000n\000\040\000d\000e\000s\000\040\000d\000o\000n\000n\000\351\000e\000s\000\040\000d\000e\000p\000u\000i\000s\000\040\000u\000n\000e\000\040\000\351\000q\000u\000a\000t\000i\000o\000n}{section.7.2}% 50
\BOOKMARK [0][-]{chapter.8}{\376\377\000B\000i\000l\000b\000i\000o\000t\000h\000\350\000q\000u\000e\000\040\000'\000A\000d\000d\000i\000n\000g\000'}{}% 51
\BOOKMARK [1][-]{section.8.1}{\376\377\000N\000o\000m\000e\000n\000c\000l\000a\000t\000u\000r\000e}{chapter.8}% 52
\BOOKMARK [1][-]{section.8.2}{\376\377\000E\000x\000e\000m\000p\000l\000e\000s\000\040\000L\000a\000y\000o\000u\000t}{chapter.8}% 53
