\BOOKMARK [0][-]{chapter.1}{\376\377\000I\000n\000t\000r\000o\000d\000u\000c\000t\000i\000o\000n}{}% 1
\BOOKMARK [1][-]{section.1.1}{\376\377\000P\000r\000\351\000s\000e\000n\000t\000a\000t\000i\000o\000n}{chapter.1}% 2
\BOOKMARK [1][-]{section.1.2}{\376\377\000I\000n\000s\000t\000a\000l\000l\000a\000t\000i\000o\000n}{chapter.1}% 3
\BOOKMARK [1][-]{section.1.3}{\376\377\000O\000r\000g\000a\000n\000i\000s\000a\000t\000i\000o\000n\000\040\000d\000u\000\040\000p\000r\000o\000j\000e\000t}{chapter.1}% 4
\BOOKMARK [1][-]{section.1.4}{\376\377\000F\000u\000s\000i\000o\000n\000\040\000d\000e\000\040\000p\000r\000o\000j\000e\000t\000s}{chapter.1}% 5
\BOOKMARK [1][-]{section.1.5}{\376\377\000C\000o\000m\000p\000i\000l\000a\000t\000i\000o\000n\000\040\000d\000u\000\040\000p\000r\000o\000j\000e\000t}{chapter.1}% 6
\BOOKMARK [2][-]{subsection.1.5.1}{\376\377\000P\000r\000e\000m\000i\000\350\000r\000e\000\040\000c\000o\000m\000p\000i\000l\000a\000t\000i\000o\000n}{section.1.5}% 7
\BOOKMARK [2][-]{subsection.1.5.2}{\376\377\000C\000o\000m\000p\000i\000l\000a\000t\000i\000o\000n\000\040\000c\000l\000a\000s\000s\000i\000q\000u\000e}{section.1.5}% 8
\BOOKMARK [2][-]{subsection.1.5.3}{\376\377\000V\000\351\000r\000i\000f\000i\000c\000a\000t\000i\000o\000n\000\040\000o\000r\000t\000h\000o\000g\000r\000a\000p\000h\000i\000q\000u\000e}{section.1.5}% 9
\BOOKMARK [2][-]{subsection.1.5.4}{\376\377\000M\000i\000s\000e\000\040\000\340\000\040\000j\000o\000u\000r\000\040\000G\000i\000t}{section.1.5}% 10
\BOOKMARK [2][-]{subsection.1.5.5}{\376\377\000C\000r\000\351\000a\000t\000i\000o\000n\000\040\000d\000'\000u\000n\000\040\000n\000o\000u\000v\000e\000a\000u\000\040\000p\000r\000o\000j\000e\000t}{section.1.5}% 11
\BOOKMARK [1][-]{section.1.6}{\376\377\000C\000o\000n\000v\000e\000n\000t\000i\000o\000n\000s}{chapter.1}% 12
\BOOKMARK [0][-]{chapter.2}{\376\377\000B\000i\000b\000l\000i\000o\000t\000h\000\350\000q\000u\000e\000\040\000A\000d\000d\000i\000n\000g}{}% 13
\BOOKMARK [1][-]{section.2.1}{\376\377\000C\000r\000\351\000a\000t\000i\000o\000n\000\040\000d\000'\000u\000n\000e\000\040\000n\000o\000m\000e\000n\000c\000l\000a\000t\000u\000r\000e}{chapter.2}% 14
\BOOKMARK [0][-]{chapter.3}{\376\377\000B\000i\000b\000l\000i\000o\000t\000h\000\350\000q\000u\000e\000\040\000B\000a\000d\000g\000e\000s}{}% 15
\BOOKMARK [1][-]{section.3.1}{\376\377\000C\000r\000\351\000a\000t\000i\000o\000n\000\040\000d\000e\000\040\000b\000a\000d\000g\000e\000s\000\040\000a\000v\000e\000c\000\040\000d\000e\000s\000\040\000c\000o\000u\000l\000e\000u\000r\000s}{chapter.3}% 16
\BOOKMARK [0][-]{chapter.4}{\376\377\000B\000i\000b\000l\000i\000o\000t\000h\000\350\000q\000u\000e\000\040\000E\000l\000e\000c\000t\000r\000o\000n\000i\000c}{}% 17
\BOOKMARK [1][-]{section.4.1}{\376\377\000C\000r\000\351\000a\000t\000i\000o\000n\000\040\000d\000e\000\040\000c\000h\000r\000o\000n\000o\000g\000r\000a\000m\000m\000e\000s\000\040\000f\000i\000x\000e\000s}{chapter.4}% 18
\BOOKMARK [1][-]{section.4.2}{\376\377\000C\000r\000\351\000a\000t\000i\000o\000n\000\040\000d\000e\000\040\000c\000h\000r\000o\000n\000o\000g\000r\000a\000m\000m\000e\000s\000\040\000f\000l\000o\000t\000t\000a\000n\000t\000s}{chapter.4}% 19
\BOOKMARK [1][-]{section.4.3}{\376\377\000C\000r\000\351\000a\000t\000i\000o\000n\000\040\000d\000e\000\040\000s\000c\000h\000\351\000m\000a\000s\000\040\000\351\000l\000e\000c\000t\000r\000i\000q\000u\000e\000s}{chapter.4}% 20
\BOOKMARK [0][-]{chapter.5}{\376\377\000B\000i\000l\000b\000i\000o\000t\000h\000\350\000q\000u\000e\000\040\000G\000r\000a\000p\000h\000i\000c}{}% 21
\BOOKMARK [1][-]{section.5.1}{\376\377\000A\000f\000f\000i\000c\000h\000a\000g\000e\000\040\000d\000'\000u\000n\000\040\000g\000r\000a\000p\000h\000i\000q\000u\000e\000\040\0002\000D\000\040\000a\000v\000e\000c\000\040\000i\000n\000s\000e\000r\000t\000i\000o\000n\000\040\000d\000e\000s\000\040\000d\000o\000n\000n\000\351\000e\000s\000\040\000d\000e\000p\000u\000i\000s\000\040\000u\000n\000\040\000f\000i\000c\000h\000i\000e\000r\000\040\000t\000x\000t\000\040\000\050\000c\000s\000v\000\051}{chapter.5}% 22
\BOOKMARK [1][-]{section.5.2}{\376\377\000A\000f\000f\000i\000c\000h\000a\000g\000e\000\040\000d\000'\000u\000n\000\040\000g\000r\000a\000p\000h\000i\000q\000u\000e\000\040\0002\000D\000\040\000a\000v\000e\000c\000\040\000i\000n\000s\000e\000r\000t\000i\000o\000n\000\040\000d\000e\000s\000\040\000d\000o\000n\000n\000\351\000e\000s\000\040\000d\000e\000p\000u\000i\000s\000\040\000u\000n\000e\000\040\000l\000i\000s\000t\000e\000\040\000d\000e\000\040\000p\000o\000i\000n\000t\000s}{chapter.5}% 23
\BOOKMARK [1][-]{section.5.3}{\376\377\000A\000f\000f\000i\000c\000h\000a\000g\000e\000\040\000d\000'\000u\000n\000\040\000g\000r\000a\000p\000h\000i\000q\000u\000e\000\040\0002\000D\000\040\000a\000v\000e\000c\000\040\000i\000n\000s\000e\000r\000t\000i\000o\000n\000\040\000d\000e\000s\000\040\000d\000o\000n\000n\000\351\000e\000s\000\040\000d\000e\000p\000u\000i\000s\000\040\000u\000n\000e\000\040\000\351\000q\000u\000a\000t\000i\000o\000n}{chapter.5}% 24
\BOOKMARK [1][-]{section.5.4}{\376\377\000A\000f\000f\000i\000c\000h\000a\000g\000e\000\040\000d\000'\000u\000n\000\040\000g\000r\000a\000p\000h\000i\000q\000u\000e\000\040\0002\000D\000\040\000a\000v\000e\000c\000\040\000i\000n\000s\000e\000r\000t\000i\000o\000n\000\040\000d\000e\000s\000\040\000d\000o\000n\000n\000\351\000e\000s\000\040\000d\000e\000p\000u\000i\000s\000\040\000p\000l\000u\000s\000i\000e\000u\000r\000s\000\040\000s\000o\000u\000r\000c\000e\000s}{chapter.5}% 25
\BOOKMARK [1][-]{section.5.5}{\376\377\000A\000f\000f\000i\000c\000h\000a\000g\000e\000\040\000d\000e\000\040\000d\000e\000u\000x\000\040\000g\000r\000a\000p\000h\000i\000q\000u\000e\000s}{chapter.5}% 26
\BOOKMARK [0][-]{chapter.6}{\376\377\000B\000i\000b\000l\000i\000o\000t\000h\000\350\000q\000u\000e\000\040\000H\000e\000a\000d\000e\000r}{}% 27
\BOOKMARK [1][-]{section.6.1}{\376\377\000M\000i\000s\000e\000\040\000e\000n\000\040\000f\000o\000r\000m\000e\000\040\000d\000e\000\040\000l\000a\000\040\000p\000a\000g\000e\000\040\000d\000e\000\040\000g\000a\000r\000d\000e\000\040\000a\000v\000e\000c\000\040\000u\000n\000e\000\040\000i\000m\000a\000g\000e}{chapter.6}% 28
\BOOKMARK [1][-]{section.6.2}{\376\377\000M\000i\000s\000e\000\040\000e\000n\000\040\000f\000o\000r\000m\000e\000\040\000d\000e\000\040\000l\000a\000\040\000p\000a\000g\000e\000\040\000d\000e\000\040\000g\000a\000r\000d\000e\000\040\000s\000a\000n\000s\000\040\000i\000m\000a\000g\000e}{chapter.6}% 29
\BOOKMARK [1][-]{section.6.3}{\376\377\000M\000i\000s\000e\000\040\000e\000n\000\040\000f\000o\000r\000m\000e\000\040\000d\000e\000\040\000l\000a\000\040\000p\000a\000g\000e\000\040\000d\000e\000s\000\040\000p\000a\000r\000t\000i\000e\000s}{chapter.6}% 30
\BOOKMARK [1][-]{section.6.4}{\376\377\000A\000j\000o\000u\000t\000\040\000d\000'\000u\000n\000\040\000t\000r\000a\000i\000t\000\040\000e\000n\000t\000r\000e\000\040\000l\000'\000e\000n\000-\000t\000\352\000t\000e\000\040\000e\000t\000\040\000l\000e\000\040\000c\000o\000r\000p\000s\000\040\000d\000e\000\040\000l\000a\000\040\000p\000a\000g\000e}{chapter.6}% 31
\BOOKMARK [1][-]{section.6.5}{\376\377\000A\000j\000o\000u\000t\000\040\000d\000'\000u\000n\000\040\000t\000r\000a\000i\000t\000\040\000e\000n\000t\000r\000e\000\040\000l\000e\000\040\000c\000o\000r\000p\000s\000\040\000d\000e\000\040\000l\000a\000\040\000p\000a\000g\000e\000\040\000e\000t\000\040\000l\000e\000\040\000b\000a\000s\000\040\000d\000e\000\040\000p\000a\000g\000e}{chapter.6}% 32
\BOOKMARK [1][-]{section.6.6}{\376\377\000D\000\351\000f\000i\000n\000i\000t\000i\000o\000n\000\040\000d\000e\000\040\000l\000a\000\040\000p\000r\000\351\000s\000e\000n\000t\000a\000t\000i\000o\000n\000\040\000g\000l\000o\000b\000a\000l\000e\000\040\000d\000e\000s\000\040\000p\000a\000g\000e\000s}{chapter.6}% 33
\BOOKMARK [1][-]{section.6.7}{\376\377\000R\000e\000d\000\351\000f\000i\000n\000i\000t\000i\000o\000n\000\040\000d\000e\000s\000\040\000t\000i\000t\000r\000e\000s\000\040\000d\000e\000s\000\040\000c\000h\000a\000p\000i\000t\000r\000e\000s}{chapter.6}% 34
\BOOKMARK [1][-]{section.6.8}{\376\377\000M\000e\000t\000t\000r\000e\000\040\000l\000e\000\040\000d\000o\000c\000u\000m\000e\000n\000t\000\040\000e\000n\000\040\000p\000l\000e\000i\000n\000e\000\040\000p\000a\000g\000e}{chapter.6}% 35
\BOOKMARK [1][-]{section.6.9}{\376\377\000R\000\351\000c\000u\000p\000e\000r\000e\000r\000\040\000l\000e\000\040\000c\000h\000a\000p\000i\000t\000r\000e\000\040\000c\000o\000u\000r\000a\000n\000t}{chapter.6}% 36
\BOOKMARK [0][-]{chapter.7}{\376\377\000B\000i\000b\000l\000i\000o\000t\000h\000\350\000q\000u\000e\000\040\000I\000m\000a\000g\000e\000s}{}% 37
\BOOKMARK [1][-]{section.7.1}{\376\377\000A\000j\000o\000u\000t\000\040\000d\000'\000u\000n\000e\000\040\000i\000m\000a\000g\000e\000\040\000n\000o\000n\000-\000f\000l\000o\000t\000t\000a\000n\000t\000e}{chapter.7}% 38
\BOOKMARK [1][-]{section.7.2}{\376\377\000A\000j\000o\000u\000t\000\040\000d\000'\000u\000n\000e\000\040\000i\000m\000a\000g\000e\000\040\000n\000o\000n\000-\000f\000l\000o\000t\000t\000a\000n\000t\000e\000\040\000a\000v\000e\000c\000\040\000u\000n\000e\000\040\000r\000o\000t\000a\000t\000i\000o\000n}{chapter.7}% 39
\BOOKMARK [0][-]{chapter.8}{\376\377\000B\000i\000b\000l\000i\000o\000t\000h\000\350\000q\000u\000e\000\040\000I\000t\000e\000m\000s}{}% 40
\BOOKMARK [1][-]{section.8.1}{\376\377\000C\000r\000\351\000a\000t\000i\000o\000n\000\040\000d\000'\000u\000n\000\040\000l\000i\000s\000t\000e}{chapter.8}% 41
\BOOKMARK [0][-]{chapter.9}{\376\377\000B\000i\000b\000l\000i\000o\000t\000h\000\350\000q\000u\000e\000\040\000L\000a\000b\000e\000l\000s}{}% 42
\BOOKMARK [1][-]{section.9.1}{\376\377\000C\000r\000\351\000a\000t\000i\000o\000n\000\040\000d\000e\000\040\000l\000a\000b\000e\000l\000s\000\040\000c\000o\000l\000o\000r\000\351\000s}{chapter.9}% 43
\BOOKMARK [0][-]{chapter.10}{\376\377\000B\000i\000b\000l\000i\000o\000t\000h\000\350\000q\000u\000e\000\040\000L\000a\000y\000o\000u\000t}{}% 44
\BOOKMARK [1][-]{section.10.1}{\376\377\000M\000i\000s\000e\000\040\000e\000n\000\040\000g\000r\000a\000s}{chapter.10}% 45
\BOOKMARK [1][-]{section.10.2}{\376\377\000M\000i\000s\000e\000\040\000e\000n\000\040\000i\000t\000a\000l\000i\000q\000u\000e}{chapter.10}% 46
\BOOKMARK [1][-]{section.10.3}{\376\377\000M\000i\000s\000e\000\040\000e\000n\000\040\000g\000r\000a\000s\000\040\000e\000t\000\040\000i\000t\000a\000l\000i\000q\000u\000e}{chapter.10}% 47
\BOOKMARK [1][-]{section.10.4}{\376\377\000A\000j\000o\000u\000t\000\040\000d\000'\000u\000n\000\040\000e\000s\000p\000a\000c\000e\000\040\000v\000e\000r\000t\000i\000c\000a\000l}{chapter.10}% 48
\BOOKMARK [0][-]{chapter.11}{\376\377\000B\000i\000b\000l\000i\000o\000t\000h\000\350\000q\000u\000e\000\040\000L\000i\000n\000k\000s}{}% 49
\BOOKMARK [1][-]{section.11.1}{\376\377\000P\000a\000r\000a\000m\000\351\000t\000r\000a\000g\000e\000\040\000d\000e\000s\000\040\000l\000i\000e\000n\000s\000\040\000e\000t\000\040\000d\000e\000s\000\040\000m\000\351\000t\000a\000-\000d\000o\000n\000n\000\351\000e\000s}{chapter.11}% 50
\BOOKMARK [0][-]{chapter.12}{\376\377\000B\000i\000b\000l\000i\000o\000t\000h\000\350\000q\000u\000e\000\040\000M\000a\000t\000h\000s}{}% 51
\BOOKMARK [1][-]{section.12.1}{\376\377\000C\000r\000\351\000a\000t\000i\000o\000n\000\040\000d\000'\000u\000n\000e\000\040\000m\000a\000t\000r\000i\000c\000e\000\040\0003\000*\0003}{chapter.12}% 52
\BOOKMARK [1][-]{section.12.2}{\376\377\000C\000r\000\351\000a\000t\000i\000o\000n\000\040\000d\000'\000u\000n\000\040\000v\000e\000c\000t\000e\000u\000r\000\040\000\340\000\040\000t\000r\000o\000i\000s\000\040\000d\000i\000m\000e\000n\000s\000i\000o\000n\000s}{chapter.12}% 53
\BOOKMARK [0][-]{chapter.13}{\376\377\000B\000i\000b\000l\000i\000o\000t\000h\000\350\000q\000u\000e\000\040\000M\000e\000s\000s\000a\000g\000e\000B\000o\000x}{}% 54
\BOOKMARK [1][-]{section.13.1}{\376\377\000C\000r\000\351\000a\000t\000i\000o\000n\000\040\000d\000e\000\040\000b\000o\000i\000t\000e\000s\000\040\000d\000e\000\040\000d\000i\000a\000l\000o\000g\000u\000e\000s}{chapter.13}% 55
\BOOKMARK [0][-]{chapter.14}{\376\377\000B\000i\000b\000l\000i\000o\000t\000h\000\350\000q\000u\000e\000\040\000O\000b\000j\000e\000c\000t\0003\000D}{}% 56
\BOOKMARK [1][-]{section.14.1}{\376\377\000A\000f\000f\000i\000c\000h\000a\000g\000e\000\040\000d\000'\000u\000n\000\040\000g\000r\000a\000p\000h\000i\000q\000u\000e\000\040\0003\000D\000\040\000a\000v\000e\000c\000\040\000i\000n\000s\000e\000r\000t\000i\000o\000n\000\040\000d\000e\000s\000\040\000d\000o\000n\000n\000\351\000e\000s\000\040\000d\000e\000p\000u\000i\000s\000\040\000u\000n\000e\000\040\000\351\000q\000u\000a\000t\000i\000o\000n}{chapter.14}% 57
\BOOKMARK [1][-]{section.14.2}{\376\377\000A\000f\000f\000i\000c\000h\000a\000g\000e\000\040\000d\000e\000\040\000s\000p\000h\000\350\000r\000e\000s\000\040\000e\000n\000\040\0003\000D}{chapter.14}% 58
\BOOKMARK [0][-]{chapter.15}{\376\377\000B\000i\000b\000l\000i\000o\000t\000h\000\350\000q\000u\000e\000\040\000P\000d\000f}{}% 59
\BOOKMARK [1][-]{section.15.1}{\376\377\000I\000n\000s\000e\000r\000t\000i\000o\000n\000\040\000d\000'\000u\000n\000\040\000d\000o\000c\000u\000m\000e\000n\000t\000\040\000P\000D\000F}{chapter.15}% 60
\BOOKMARK [1][-]{section.15.2}{\376\377\000I\000n\000s\000e\000r\000t\000i\000o\000n\000\040\000d\000'\000u\000n\000\040\000e\000n\000s\000e\000m\000b\000l\000e\000\040\000d\000e\000\040\000p\000a\000g\000e\000s\000\040\000d\000'\000u\000n\000\040\000d\000o\000c\000u\000m\000e\000n\000t\000\040\000P\000D\000F}{chapter.15}% 61
\BOOKMARK [0][-]{chapter.16}{\376\377\000B\000i\000l\000b\000i\000o\000t\000h\000\350\000q\000u\000e\000\040\000P\000r\000o\000g\000r\000a\000m\000m\000i\000n\000g}{}% 62
\BOOKMARK [1][-]{section.16.1}{\376\377\000A\000f\000f\000i\000c\000h\000a\000g\000e\000\040\000d\000'\000u\000n\000\040\000c\000o\000d\000e\000\040\000C\000/\000C\000+\000+\000\040\000a\000v\000e\000c\000\040\000t\000i\000t\000r\000e}{chapter.16}% 63
\BOOKMARK [1][-]{section.16.2}{\376\377\000A\000f\000f\000i\000c\000h\000a\000g\000e\000\040\000d\000'\000u\000n\000\040\000c\000o\000d\000e\000\040\000C\000/\000C\000+\000+\000\040\000s\000a\000n\000s\000\040\000t\000i\000t\000r\000e}{chapter.16}% 64
\BOOKMARK [1][-]{section.16.3}{\376\377\000A\000f\000f\000i\000c\000h\000a\000g\000e\000\040\000d\000'\000u\000n\000\040\000c\000o\000d\000e\000\040\000P\000y\000t\000h\000o\000n\000\040\000a\000v\000e\000c\000\040\000t\000i\000t\000r\000e}{chapter.16}% 65
\BOOKMARK [1][-]{section.16.4}{\376\377\000A\000f\000f\000i\000c\000h\000a\000g\000e\000\040\000d\000'\000u\000n\000\040\000c\000o\000d\000e\000\040\000P\000y\000t\000h\000o\000n\000\040\000s\000a\000n\000s\000\040\000t\000i\000t\000r\000e}{chapter.16}% 66
\BOOKMARK [1][-]{section.16.5}{\376\377\000A\000f\000f\000i\000c\000h\000a\000g\000e\000\040\000d\000'\000u\000n\000\040\000c\000o\000d\000e\000\040\000B\000a\000s\000h\000\040\000a\000v\000e\000c\000\040\000t\000i\000t\000r\000e}{chapter.16}% 67
\BOOKMARK [1][-]{section.16.6}{\376\377\000A\000f\000f\000i\000c\000h\000a\000g\000e\000\040\000d\000'\000u\000n\000\040\000c\000o\000d\000e\000\040\000b\000a\000s\000h\000\040\000s\000a\000n\000s\000\040\000t\000i\000t\000r\000e}{chapter.16}% 68
\BOOKMARK [0][-]{chapter.17}{\376\377\000B\000i\000b\000l\000i\000o\000t\000h\000\350\000q\000u\000e\000\040\000T\000a\000b\000l\000e\000s}{}% 69
\BOOKMARK [0][-]{chapter.18}{\376\377\000B\000i\000b\000l\000i\000o\000t\000h\000\350\000q\000u\000e\000\040\000T\000h\000e\000o\000r\000e\000m\000s}{}% 70
\BOOKMARK [1][-]{section.18.1}{\376\377\000C\000r\000\351\000a\000t\000i\000o\000n\000\040\000d\000'\000u\000n\000e\000\040\000q\000u\000e\000s\000t\000i\000o\000n}{chapter.18}% 71
\BOOKMARK [1][-]{section.18.2}{\376\377\000C\000r\000\351\000a\000t\000i\000o\000n\000\040\000d\000'\000u\000n\000e\000\040\000r\000e\000p\000o\000n\000s\000e}{chapter.18}% 72
\BOOKMARK [1][-]{section.18.3}{\376\377\000C\000r\000\351\000a\000t\000i\000o\000n\000\040\000d\000'\000u\000n\000e\000\040\000p\000r\000o\000p\000r\000i\000e\000t\000e}{chapter.18}% 73
\BOOKMARK [1][-]{section.18.4}{\376\377\000C\000r\000\351\000a\000t\000i\000o\000n\000\040\000d\000'\000u\000n\000e\000\040\000p\000r\000o\000p\000o\000s\000i\000t\000i\000o\000n}{chapter.18}% 74
\BOOKMARK [1][-]{section.18.5}{\376\377\000C\000r\000\351\000a\000t\000i\000o\000n\000\040\000d\000'\000u\000n\000e\000\040\000r\000e\000m\000a\000r\000q\000u\000e}{chapter.18}% 75
\BOOKMARK [1][-]{section.18.6}{\376\377\000C\000r\000\351\000a\000t\000i\000o\000n\000\040\000d\000'\000u\000n\000\040\000e\000x\000e\000m\000p\000l\000e}{chapter.18}% 76
\BOOKMARK [1][-]{section.18.7}{\376\377\000C\000r\000\351\000a\000t\000i\000o\000n\000\040\000d\000'\000u\000n\000e\000\040\000d\000\351\000f\000i\000n\000i\000t\000i\000o\000n}{chapter.18}% 77
\BOOKMARK [0][-]{chapter.19}{\376\377\000B\000i\000b\000l\000i\000o\000t\000h\000\350\000q\000u\000e\000\040\000T\000i\000t\000l\000e\000s}{}% 78
\BOOKMARK [1][-]{subsection.19.0.1}{\376\377\000T\000i\000t\000r\000e\000\040\000d\000e\000\040\000c\000h\000a\000p\000i\000t\000r\000e}{chapter.19}% 79
\BOOKMARK [1][-]{section.19.1}{\376\377\000T\000i\000t\000r\000e\000\040\000d\000e\000\040\000s\000e\000c\000t\000i\000o\000n}{chapter.19}% 80
\BOOKMARK [2][-]{subsection.19.1.1}{\376\377\000T\000i\000t\000r\000e\000\040\000d\000e\000\040\000s\000o\000u\000s\000-\000s\000e\000c\000t\000i\000o\000n}{section.19.1}% 81
\BOOKMARK [0][-]{chapter.20}{\376\377\000B\000i\000b\000l\000i\000o\000t\000h\000\350\000q\000u\000e\000\040\000T\000r\000e\000e}{}% 82
\BOOKMARK [1][-]{section.20.1}{\376\377\000C\000r\000\351\000a\000t\000i\000o\000n\000\040\000d\000'\000u\000n\000\040\000a\000r\000b\000r\000e}{chapter.20}% 83
