\BOOKMARK [0][-]{chapter.1}{\376\377\000I\000n\000t\000r\000o\000d\000u\000c\000t\000i\000o\000n\000\040}{}% 1
\BOOKMARK [1][-]{section.1.1}{\376\377\000G\000\351\000n\000\351\000r\000a\000l\000i\000t\000\351\000s}{chapter.1}% 2
\BOOKMARK [1][-]{section.1.2}{\376\377\000C\000o\000n\000v\000e\000n\000t\000i\000o\000n\000s}{chapter.1}% 3
\BOOKMARK [0][-]{chapter.2}{\376\377\000M\000o\000d\000\351\000l\000i\000s\000a\000t\000i\000o\000n\000\040\000d\000e\000\040\000l\000'\000A\000O\000P}{}% 4
\BOOKMARK [1][-]{section.2.1}{\376\377\000M\000o\000d\000\350\000l\000e\000\040\000t\000h\000\351\000o\000r\000i\000q\000u\000e}{chapter.2}% 5
\BOOKMARK [1][-]{section.2.2}{\376\377\000M\000o\000d\000\350\000l\000e\000\040\000r\000\351\000e\000l}{chapter.2}% 6
\BOOKMARK [1][-]{section.2.3}{\376\377\000\040\000M\000o\000d\000e\000s\000\040\000d\000e\000\040\000f\000o\000n\000c\000t\000i\000o\000n\000n\000e\000m\000e\000n\000t}{chapter.2}% 7
\BOOKMARK [2][-]{subsection.2.3.1}{\376\377\000M\000o\000n\000t\000a\000g\000e\000s\000\040\000l\000i\000n\000\351\000a\000i\000r\000e\000s\000\040}{section.2.3}% 8
\BOOKMARK [2][-]{subsection.2.3.2}{\376\377\000M\000o\000n\000t\000a\000g\000e\000s\000\040\000c\000o\000m\000p\000a\000r\000a\000t\000e\000u\000r\000s}{section.2.3}% 9
\BOOKMARK [1][-]{section.2.4}{\376\377\000R\000\351\000s\000i\000s\000t\000a\000n\000c\000e\000\040\000d\000e\000\040\000c\000h\000a\000r\000g\000e}{chapter.2}% 10
\BOOKMARK [0][-]{chapter.3}{\376\377\000\311\000t\000u\000d\000e\000\040\000e\000n\000\040\000m\000o\000d\000e\000\040\000l\000i\000n\000\351\000a\000i\000r\000e}{}% 11
\BOOKMARK [1][-]{section.3.1}{\376\377\000I\000n\000t\000\351\000r\000\352\000t\000\040\000d\000e\000\040\000l\040\031\000\351\000t\000u\000d\000e\000\040}{chapter.3}% 12
\BOOKMARK [1][-]{section.3.2}{\376\377\000M\000\351\000t\000h\000o\000d\000e\000\040\000d\000e\000\040\000r\000\351\000s\000o\000l\000u\000t\000i\000o\000n}{chapter.3}% 13
\BOOKMARK [-1][-]{part.1}{\376\377\000I\000\040\000M\000o\000n\000t\000a\000g\000e\000s}{}% 14
\BOOKMARK [0][-]{chapter.4}{\376\377\000M\000o\000n\000t\000a\000g\000e\000\040\000s\000u\000i\000v\000e\000u\000r\000\040}{part.1}% 15
\BOOKMARK [1][-]{section.4.1}{\376\377\000P\000r\000\351\000s\000e\000n\000t\000a\000t\000i\000o\000n}{chapter.4}% 16
\BOOKMARK [1][-]{section.4.2}{\376\377\000M\000o\000n\000t\000a\000g\000e}{chapter.4}% 17
\BOOKMARK [1][-]{section.4.3}{\376\377\000D\000\351\000m\000o\000n\000s\000t\000r\000a\000t\000i\000o\000n}{chapter.4}% 18
\BOOKMARK [0][-]{chapter.5}{\376\377\000M\000o\000n\000t\000a\000g\000e\000\040\000n\000o\000n\000-\000i\000n\000v\000e\000r\000s\000e\000u\000r}{part.1}% 19
\BOOKMARK [1][-]{section.5.1}{\376\377\000P\000r\000\351\000s\000e\000n\000t\000a\000t\000i\000o\000n}{chapter.5}% 20
\BOOKMARK [1][-]{section.5.2}{\376\377\000M\000o\000n\000t\000a\000g\000e}{chapter.5}% 21
\BOOKMARK [1][-]{section.5.3}{\376\377\000D\000\351\000m\000o\000n\000s\000t\000r\000a\000t\000i\000o\000n}{chapter.5}% 22
\BOOKMARK [2][-]{subsection.5.3.1}{\376\377\000E\000x\000e\000m\000p\000l\000e}{section.5.3}% 23
\BOOKMARK [0][-]{chapter.6}{\376\377\000M\000o\000n\000t\000a\000g\000e\000\040\000i\000n\000v\000e\000r\000s\000e\000u\000r}{part.1}% 24
\BOOKMARK [1][-]{section.6.1}{\376\377\000P\000r\000\351\000s\000e\000n\000t\000a\000t\000i\000o\000n}{chapter.6}% 25
\BOOKMARK [1][-]{section.6.2}{\376\377\000M\000o\000n\000t\000a\000g\000e}{chapter.6}% 26
\BOOKMARK [1][-]{section.6.3}{\376\377\000D\000\351\000m\000o\000n\000s\000t\000r\000a\000t\000i\000o\000n}{chapter.6}% 27
\BOOKMARK [1][-]{section.6.4}{\376\377\000A\000p\000p\000l\000i\000c\000a\000t\000i\000o\000n}{chapter.6}% 28
\BOOKMARK [0][-]{chapter.7}{\376\377\000M\000o\000n\000t\000a\000g\000e\000s\000\040\000c\000o\000m\000p\000a\000r\000a\000t\000e\000u\000r\000s}{part.1}% 29
\BOOKMARK [1][-]{section.7.1}{\376\377\000P\000r\000\351\000s\000e\000n\000t\000a\000t\000i\000o\000n}{chapter.7}% 30
\BOOKMARK [2][-]{subsection.7.1.1}{\376\377\000C\000o\000m\000p\000a\000r\000a\000t\000e\000u\000r\000\040\000n\000o\000n\000\040\000i\000n\000v\000e\000r\000s\000e\000u\000r\000\040\000s\000i\000m\000p\000l\000e\000\040\000s\000e\000u\000i\000l}{section.7.1}% 31
\BOOKMARK [2][-]{subsection.7.1.2}{\376\377\000C\000o\000m\000p\000a\000r\000a\000t\000e\000u\000r\000\040\000i\000n\000v\000e\000r\000s\000e\000u\000r\000\040\000s\000i\000m\000p\000l\000e\000\040\000s\000e\000u\000i\000l}{section.7.1}% 32
\BOOKMARK [2][-]{subsection.7.1.3}{\376\377\000C\000o\000m\000p\000a\000r\000a\000t\000e\000u\000r\000\040\000n\000o\000n\000\040\000i\000n\000v\000e\000r\000s\000e\000u\000r\000\040\000d\000o\000u\000b\000l\000e\000\040\000s\000e\000u\000i\000l}{section.7.1}% 33
\BOOKMARK [2][-]{subsection.7.1.4}{\376\377\000C\000o\000m\000p\000a\000r\000a\000t\000e\000u\000r\000\040\000i\000n\000v\000e\000r\000s\000e\000u\000r\000\040\000d\000o\000u\000b\000l\000e\000\040\000s\000e\000u\000i\000l}{section.7.1}% 34
\BOOKMARK [0][-]{chapter.8}{\376\377\000M\000o\000n\000t\000a\000g\000e\000\040\000i\000n\000t\000\351\000g\000r\000a\000t\000e\000u\000r}{part.1}% 35
\BOOKMARK [1][-]{section.8.1}{\376\377\000P\000r\000\351\000s\000e\000n\000t\000a\000t\000i\000o\000n}{chapter.8}% 36
\BOOKMARK [1][-]{section.8.2}{\376\377\000M\000o\000n\000t\000a\000g\000e}{chapter.8}% 37
\BOOKMARK [1][-]{section.8.3}{\376\377\000D\000\351\000m\000o\000n\000s\000t\000r\000a\000t\000i\000o\000n}{chapter.8}% 38
\BOOKMARK [1][-]{section.8.4}{\376\377\000A\000p\000p\000l\000i\000c\000a\000t\000i\000o\000n}{chapter.8}% 39
\BOOKMARK [0][-]{chapter.9}{\376\377\000M\000o\000n\000t\000a\000g\000e\000\040\000s\000o\000u\000s\000t\000r\000a\000c\000t\000e\000u\000r}{part.1}% 40
\BOOKMARK [1][-]{section.9.1}{\376\377\000P\000r\000\351\000s\000e\000n\000t\000a\000t\000i\000o\000n}{chapter.9}% 41
\BOOKMARK [1][-]{section.9.2}{\376\377\000M\000o\000n\000t\000a\000g\000e}{chapter.9}% 42
\BOOKMARK [1][-]{section.9.3}{\376\377\000D\000\351\000m\000o\000n\000s\000t\000r\000a\000t\000i\000o\000n}{chapter.9}% 43
\BOOKMARK [1][-]{section.9.4}{\376\377\000A\000p\000p\000l\000i\000c\000a\000t\000i\000o\000n}{chapter.9}% 44
\BOOKMARK [0][-]{chapter.10}{\376\377\000M\000o\000n\000t\000a\000g\000e\000\040\000s\000o\000m\000m\000a\000t\000e\000u\000r}{part.1}% 45
\BOOKMARK [1][-]{section.10.1}{\376\377\000P\000r\000\351\000s\000e\000n\000t\000a\000t\000i\000o\000n}{chapter.10}% 46
\BOOKMARK [1][-]{section.10.2}{\376\377\000M\000o\000n\000t\000a\000g\000e}{chapter.10}% 47
\BOOKMARK [1][-]{section.10.3}{\376\377\000D\000\351\000m\000o\000n\000s\000t\000r\000a\000t\000i\000o\000n}{chapter.10}% 48
\BOOKMARK [0][-]{chapter.11}{\376\377\000I\000n\000t\000r\000o\000d\000u\000c\000t\000i\000o\000n}{part.1}% 49
\BOOKMARK [0][-]{chapter.12}{\376\377\000H\000i\000s\000t\000o\000i\000r\000e}{part.1}% 50
\BOOKMARK [0][-]{chapter.13}{\376\377\000P\000r\000i\000n\000c\000i\000p\000e\000\040\000d\000e\000\040\000f\000o\000n\000c\000t\000i\000o\000n\000n\000e\000m\000e\000n\000t}{part.1}% 51
\BOOKMARK [0][-]{chapter.14}{\376\377\000L\000e\000s\000\040\000d\000i\000f\000f\000\351\000r\000e\000n\000t\000e\000s\000\040\000t\000e\000c\000h\000n\000o\000l\000o\000g\000i\000e\000s}{part.1}% 52
\BOOKMARK [1][-]{section.14.1}{\376\377\000L\000e\000s\000\040\000c\000o\000n\000d\000e\000n\000s\000a\000t\000e\000u\000r\000s\000\040\000\340\000\040\000f\000i\000l\000m}{chapter.14}% 53
\BOOKMARK [1][-]{section.14.2}{\376\377\000L\000e\000s\000\040\000c\000o\000n\000d\000e\000n\000s\000a\000t\000e\000u\000r\000s\000\040\000\340\000\040\000c\000\351\000r\000a\000m\000i\000q\000u\000e}{chapter.14}% 54
\BOOKMARK [1][-]{section.14.3}{\376\377\000L\000e\000s\000\040\000c\000o\000n\000d\000e\000n\000s\000a\000t\000e\000u\000r\000s\000\040\000\351\000l\000e\000c\000t\000r\000o\000l\000y\000t\000i\000q\000u\000e\000s}{chapter.14}% 55
\BOOKMARK [1][-]{section.14.4}{\376\377\000L\000e\000s\000\040\000c\000o\000n\000d\000e\000n\000s\000a\000t\000e\000u\000r\000s\000\040\000v\000a\000r\000i\000a\000b\000l\000e\000s}{chapter.14}% 56
\BOOKMARK [0][-]{chapter.15}{\376\377\000D\000o\000m\000a\000i\000n\000e\000s\000\040\000d\000'\000a\000p\000p\000l\000i\000c\000a\000t\000i\000o\000n}{part.1}% 57
\BOOKMARK [1][-]{section.15.1}{\376\377\000L\000e\000s\000\040\000c\000o\000n\000d\000e\000n\000s\000a\000t\000e\000u\000r\000s\000\040\000d\000e\000\040\000f\000i\000l\000t\000r\000a\000g\000e}{chapter.15}% 58
\BOOKMARK [1][-]{section.15.2}{\376\377\000L\000e\000s\000\040\000c\000o\000n\000d\000e\000n\000s\000a\000t\000e\000u\000r\000s\000\040\000d\000e\000\040\000d\000\351\000c\000o\000u\000p\000l\000a\000g\000e}{chapter.15}% 59
\BOOKMARK [1][-]{section.15.3}{\376\377\000L\000e\000s\000\040\000c\000o\000n\000d\000e\000n\000s\000a\000t\000e\000u\000r\000s\000\040\000d\000e\000\040\000l\000i\000a\000i\000s\000o\000n}{chapter.15}% 60
\BOOKMARK [0][-]{chapter.16}{\376\377\000A\000v\000e\000n\000i\000r\000\040\000d\000u\000\040\000c\000o\000n\000d\000e\000n\000s\000a\000t\000e\000u\000r}{part.1}% 61
\BOOKMARK [1][-]{section.16.1}{\376\377\000L\000e\000s\000\040\000s\000u\000p\000e\000r\000c\000o\000n\000d\000e\000n\000s\000a\000t\000e\000u\000r\000s}{chapter.16}% 62
\BOOKMARK [0][-]{chapter.17}{\376\377\000I\000n\000t\000r\000o\000d\000u\000c\000t\000i\000o\000n}{part.1}% 63
\BOOKMARK [0][-]{chapter.18}{\376\377\000L\000e\000s\000\040\000t\000r\000a\000n\000s\000i\000s\000t\000o\000r\000s\000\040\000b\000i\000p\000o\000l\000a\000i\000r\000e\000s}{part.1}% 64
\BOOKMARK [1][-]{section.18.1}{\376\377\000P\000r\000\351\000s\000e\000n\000t\000a\000t\000i\000o\000n}{chapter.18}% 65
\BOOKMARK [1][-]{section.18.2}{\376\377\000C\000o\000n\000v\000e\000n\000t\000i\000o\000n\000s}{chapter.18}% 66
\BOOKMARK [2][-]{subsection.18.2.1}{\376\377\000L\000e\000s\000\040\000f\000a\000m\000i\000l\000l\000e\000s\000\040\000d\000e\000\040\000t\000r\000a\000n\000s\000i\000s\000t\000o\000r\000s\000\040\000b\000i\000p\000o\000l\000a\000i\000r\000e\000s}{section.18.2}% 67
\BOOKMARK [1][-]{section.18.3}{\376\377\000L\000e\000s\000\040\000p\000a\000r\000a\000m\000\350\000t\000r\000e\000s\000\040\000d\000e\000\040\000s\000\351\000l\000e\000c\000t\000i\000o\000n\000\040\000d\000u\000\040\000t\000r\000a\000n\000s\000i\000s\000t\000o\000r}{chapter.18}% 68
\BOOKMARK [1][-]{section.18.4}{\376\377\000L\000e\000\040\000p\000r\000i\000n\000c\000i\000p\000e}{chapter.18}% 69
\BOOKMARK [1][-]{section.18.5}{\376\377\000E\000x\000e\000m\000p\000l\000e}{chapter.18}% 70
\BOOKMARK [1][-]{section.18.6}{\376\377\000M\000i\000s\000e\000\040\000e\000n\000\040\000p\000r\000a\000t\000i\000q\000u\000e}{chapter.18}% 71
\BOOKMARK [2][-]{subsection.18.6.1}{\376\377\000B\000r\000a\000n\000c\000h\000e\000m\000e\000n\000t\000s}{section.18.6}% 72
\BOOKMARK [2][-]{subsection.18.6.2}{\376\377\000D\000i\000m\000e\000n\000s\000i\000o\000n\000n\000e\000m\000e\000n\000t\000\040\000d\000e\000\040\000l\000a\000\040\000r\000\351\000s\000i\000s\000t\000a\000n\000c\000e}{section.18.6}% 73
\BOOKMARK [2][-]{subsection.18.6.3}{\376\377\000E\000x\000e\000m\000p\000l\000e\000\040\000d\000e\000\040\000p\000r\000o\000g\000r\000a\000m\000m\000e\000\040\000A\000r\000d\000u\000i\000n\000o}{section.18.6}% 74
\BOOKMARK [0][-]{chapter.19}{\376\377\000L\000e\000s\000\040\000t\000r\000a\000n\000s\000i\000s\000t\000o\000r\000s\000\040\000M\000O\000S\000F\000E\000T}{part.1}% 75
\BOOKMARK [1][-]{section.19.1}{\376\377\000P\000r\000\351\000s\000e\000n\000t\000a\000t\000i\000o\000n}{chapter.19}% 76
\BOOKMARK [1][-]{section.19.2}{\376\377\000C\000o\000n\000v\000e\000n\000t\000i\000o\000n\000s}{chapter.19}% 77
\BOOKMARK [2][-]{subsection.19.2.1}{\376\377\000L\000e\000s\000\040\000f\000a\000m\000i\000l\000l\000e\000s\000\040\000d\000e\000\040\000t\000r\000a\000n\000s\000i\000s\000t\000o\000r\000s\000\040\000M\000O\000S\000F\000E\000T}{section.19.2}% 78
\BOOKMARK [1][-]{section.19.3}{\376\377\000L\000e\000s\000\040\000p\000a\000r\000a\000m\000\350\000t\000r\000e\000s\000\040\000d\000e\000\040\000s\000\351\000l\000e\000c\000t\000i\000o\000n\000\040\000d\000u\000\040\000t\000r\000a\000n\000s\000i\000s\000t\000o\000r}{chapter.19}% 79
\BOOKMARK [1][-]{section.19.4}{\376\377\000L\000e\000\040\000p\000r\000i\000n\000c\000i\000p\000e}{chapter.19}% 80
\BOOKMARK [1][-]{section.19.5}{\376\377\000C\000o\000m\000p\000a\000r\000a\000i\000s\000o\000n\000\040\000a\000v\000e\000c\000\040\000l\000e\000s\000\040\000t\000r\000a\000n\000s\000i\000s\000t\000o\000r\000s\000\040\000b\000i\000p\000o\000l\000a\000i\000r\000e\000s}{chapter.19}% 81
\BOOKMARK [1][-]{section.19.6}{\376\377\000M\000i\000s\000e\000\040\000e\000n\000\040\000p\000r\000a\000t\000i\000q\000u\000e}{chapter.19}% 82
\BOOKMARK [2][-]{subsection.19.6.1}{\376\377\000B\000r\000a\000n\000c\000h\000e\000m\000e\000n\000t\000s}{section.19.6}% 83
\BOOKMARK [2][-]{subsection.19.6.2}{\376\377\000E\000x\000e\000m\000p\000l\000e\000\040\000d\000e\000\040\000p\000r\000o\000g\000r\000a\000m\000m\000e\000\040\000A\000r\000d\000u\000i\000n\000o}{section.19.6}% 84
\BOOKMARK [0][-]{chapter.20}{\376\377\000C\000o\000n\000c\000l\000u\000s\000i\000o\000n}{part.1}% 85
\BOOKMARK [1][-]{section.20.1}{\376\377\000C\000e\000\040\000q\000u\000'\000i\000l\000\040\000f\000a\000u\000t\000\040\000r\000e\000t\000e\000n\000i\000r}{chapter.20}% 86
\BOOKMARK [1][-]{section.20.2}{\376\377\000L\000e\000s\000\040\000f\000i\000c\000h\000e\000s\000\040\000t\000e\000c\000h\000n\000i\000q\000u\000e\000s}{chapter.20}% 87
\BOOKMARK [0][-]{chapter.21}{\376\377\000L\000e\000s\000\040\000f\000a\000m\000i\000l\000l\000e\000s\000\040\000d\000e\000s\000\040\000c\000i\000r\000c\000u\000i\000t\000s\000\040\000l\000o\000g\000i\000q\000u\000e\000s}{part.1}% 88
\BOOKMARK [1][-]{section.21.1}{\376\377\000P\000r\000\351\000s\000e\000n\000t\000a\000t\000i\000o\000n}{chapter.21}% 89
\BOOKMARK [2][-]{subsection.21.1.1}{\376\377\000P\000r\000i\000n\000c\000i\000p\000e\000\040\000T\000T\000L}{section.21.1}% 90
\BOOKMARK [2][-]{subsection.21.1.2}{\376\377\000P\000r\000i\000n\000c\000i\000p\000e\000\040\000C\000M\000O\000S}{section.21.1}% 91
\BOOKMARK [1][-]{section.21.2}{\376\377\000C\000o\000m\000m\000e\000n\000t\000\040\000l\000e\000s\000\040\000d\000i\000s\000t\000i\000n\000g\000u\000e\000r\000\040\000?}{chapter.21}% 92
\BOOKMARK [1][-]{section.21.3}{\376\377\000A\000v\000a\000n\000t\000a\000g\000e\000s\000\040\000e\000t\000\040\000i\000n\000c\000o\000n\000v\000\351\000n\000i\000e\000n\000t\000s}{chapter.21}% 93
\BOOKMARK [0][-]{chapter.22}{\376\377\000L\000e\000s\000\040\000s\000i\000g\000n\000a\000u\000x}{part.1}% 94
\BOOKMARK [1][-]{section.22.1}{\376\377\000I\000n\000t\000r\000o\000d\000u\000c\000t\000i\000o\000n}{chapter.22}% 95
\BOOKMARK [2][-]{subsection.22.1.1}{\376\377\000L\000e\000s\000\040\000g\000r\000a\000n\000d\000e\000u\000r\000s\000\040\000p\000h\000y\000s\000i\000q\000u\000e\000s}{section.22.1}% 96
\BOOKMARK [2][-]{subsection.22.1.2}{\376\377\000L\000e\000s\000\040\000a\000t\000o\000m\000e\000s}{section.22.1}% 97
\BOOKMARK [2][-]{subsection.22.1.3}{\376\377\000L\000a\000\040\000c\000h\000a\000r\000g\000e\000\040\000\351\000l\000e\000c\000t\000r\000i\000q\000u\000e}{section.22.1}% 98
\BOOKMARK [2][-]{subsection.22.1.4}{\376\377\000L\000e\000s\000\040\000\351\000l\000e\000c\000t\000r\000o\000n\000s}{section.22.1}% 99
\BOOKMARK [1][-]{section.22.2}{\376\377\000L\000a\000\040\000t\000e\000n\000s\000i\000o\000n\000\040\000\351\000l\000e\000c\000t\000r\000i\000q\000u\000e}{chapter.22}% 100
\BOOKMARK [1][-]{section.22.3}{\376\377\000A\000n\000a\000l\000o\000g\000i\000e}{chapter.22}% 101
\BOOKMARK [2][-]{subsection.22.3.1}{\376\377\000E\000x\000e\000m\000p\000l\000e\000s}{section.22.3}% 102
\BOOKMARK [1][-]{section.22.4}{\376\377\000I\000n\000t\000r\000o\000d\000u\000c\000t\000i\000o\000n}{chapter.22}% 103
\BOOKMARK [1][-]{section.22.5}{\376\377\000L\000'\000o\000b\000j\000e\000c\000t\000i\000f}{chapter.22}% 104
\BOOKMARK [1][-]{section.22.6}{\376\377\000L\000e\000\040\000c\000h\000o\000i\000x\000\040\000d\000u\000\040\000t\000r\000a\000n\000s\000f\000o\000r\000m\000a\000t\000e\000u\000r}{chapter.22}% 105
\BOOKMARK [1][-]{section.22.7}{\376\377\000L\000e\000\040\000p\000o\000n\000t\000\040\000r\000e\000d\000r\000e\000s\000s\000e\000u\000r\000\040\000d\000e\000\040\000t\000e\000n\000s\000i\000o\000n}{chapter.22}% 106
\BOOKMARK [2][-]{subsection.22.7.1}{\376\377\000P\000r\000i\000n\000c\000i\000p\000e}{section.22.7}% 107
\BOOKMARK [2][-]{subsection.22.7.2}{\376\377\000U\000n\000\040\000e\000x\000e\000m\000p\000l\000e\000\040\000d\000e\000\040\000b\000o\000\356\000t\000i\000e\000r}{section.22.7}% 108
\BOOKMARK [1][-]{section.22.8}{\376\377\000L\000e\000s\000\040\000c\000o\000n\000d\000e\000n\000s\000a\000t\000e\000u\000r\000s}{chapter.22}% 109
\BOOKMARK [2][-]{subsection.22.8.1}{\376\377\000P\000r\000i\000n\000c\000i\000p\000e}{section.22.8}% 110
\BOOKMARK [2][-]{subsection.22.8.2}{\376\377\000C\000h\000o\000i\000x\000\040\000d\000e\000\040\000l\000a\000\040\000v\000a\000l\000e\000u\000r}{section.22.8}% 111
\BOOKMARK [1][-]{section.22.9}{\376\377\000L\000e\000s\000\040\000R\000\351\000g\000u\000l\000a\000t\000e\000u\000r\000s\000\040\000d\000e\000\040\000t\000e\000n\000s\000i\000o\000n}{chapter.22}% 112
\BOOKMARK [2][-]{subsection.22.9.1}{\376\377\000P\000r\000i\000n\000c\000i\000p\000e\000\040\000e\000t\000\040\000b\000r\000a\000n\000c\000h\000e\000m\000e\000n\000t\000s}{section.22.9}% 113
\BOOKMARK [2][-]{subsection.22.9.2}{\376\377\000L\000e\000s\000\040\000f\000a\000m\000i\000l\000l\000e\000s\000\040\000d\000e\000s\000\040\000r\000\351\000g\000u\000l\000a\000t\000e\000u\000r\000s}{section.22.9}% 114
\BOOKMARK [2][-]{subsection.22.9.3}{\376\377\000U\000n\000\040\000e\000x\000e\000m\000p\000l\000e}{section.22.9}% 115
\BOOKMARK [1][-]{section.Alph0.1}{\376\377\000Q\000u\000e\000l\000q\000u\000e\000s\000\040\000f\000o\000u\000r\000n\000i\000s\000s\000e\000u\000r\000s\000\040\000d\000e\000\040\000c\000o\000m\000p\000o\000s\000a\000n\000t\000s\000\040\000e\000t\000\040\000m\000a\000t\000\351\000r\000i\000e\000l\000s}{chapter.22}% 116
