\BOOKMARK [0][-]{chapter.1}{\376\377\000I\000n\000t\000r\000o\000d\000u\000c\000t\000i\000o\000n}{}% 1
\BOOKMARK [0][-]{chapter.2}{\376\377\000L\000e\000s\000\040\000t\000r\000a\000n\000s\000i\000s\000t\000o\000r\000s\000\040\000b\000i\000p\000o\000l\000a\000i\000r\000e\000s}{}% 2
\BOOKMARK [1][-]{section.2.1}{\376\377\000P\000r\000\351\000s\000e\000n\000t\000a\000t\000i\000o\000n}{chapter.2}% 3
\BOOKMARK [1][-]{section.2.2}{\376\377\000C\000o\000n\000v\000e\000n\000t\000i\000o\000n\000s}{chapter.2}% 4
\BOOKMARK [2][-]{subsection.2.2.1}{\376\377\000L\000e\000s\000\040\000f\000a\000m\000i\000l\000l\000e\000s\000\040\000d\000e\000\040\000t\000r\000a\000n\000s\000i\000s\000t\000o\000r\000s\000\040\000b\000i\000p\000o\000l\000a\000i\000r\000e\000s}{section.2.2}% 5
\BOOKMARK [1][-]{section.2.3}{\376\377\000L\000e\000s\000\040\000p\000a\000r\000a\000m\000\350\000t\000r\000e\000s\000\040\000d\000e\000\040\000s\000\351\000l\000e\000c\000t\000i\000o\000n\000\040\000d\000u\000\040\000t\000r\000a\000n\000s\000i\000s\000t\000o\000r}{chapter.2}% 6
\BOOKMARK [1][-]{section.2.4}{\376\377\000L\000e\000\040\000p\000r\000i\000n\000c\000i\000p\000e}{chapter.2}% 7
\BOOKMARK [1][-]{section.2.5}{\376\377\000E\000x\000e\000m\000p\000l\000e}{chapter.2}% 8
\BOOKMARK [1][-]{section.2.6}{\376\377\000M\000i\000s\000e\000\040\000e\000n\000\040\000p\000r\000a\000t\000i\000q\000u\000e}{chapter.2}% 9
\BOOKMARK [2][-]{subsection.2.6.1}{\376\377\000B\000r\000a\000n\000c\000h\000e\000m\000e\000n\000t\000s}{section.2.6}% 10
\BOOKMARK [2][-]{subsection.2.6.2}{\376\377\000D\000i\000m\000e\000n\000s\000i\000o\000n\000n\000e\000m\000e\000n\000t\000\040\000d\000e\000\040\000l\000a\000\040\000r\000\351\000s\000i\000s\000t\000a\000n\000c\000e}{section.2.6}% 11
\BOOKMARK [2][-]{subsection.2.6.3}{\376\377\000E\000x\000e\000m\000p\000l\000e\000\040\000d\000e\000\040\000p\000r\000o\000g\000r\000a\000m\000m\000e\000\040\000A\000r\000d\000u\000i\000n\000o}{section.2.6}% 12
\BOOKMARK [0][-]{chapter.3}{\376\377\000L\000e\000s\000\040\000t\000r\000a\000n\000s\000i\000s\000t\000o\000r\000s\000\040\000M\000O\000S\000F\000E\000T}{}% 13
\BOOKMARK [1][-]{section.3.1}{\376\377\000P\000r\000\351\000s\000e\000n\000t\000a\000t\000i\000o\000n}{chapter.3}% 14
\BOOKMARK [1][-]{section.3.2}{\376\377\000C\000o\000n\000v\000e\000n\000t\000i\000o\000n\000s}{chapter.3}% 15
\BOOKMARK [2][-]{subsection.3.2.1}{\376\377\000L\000e\000s\000\040\000f\000a\000m\000i\000l\000l\000e\000s\000\040\000d\000e\000\040\000t\000r\000a\000n\000s\000i\000s\000t\000o\000r\000s\000\040\000M\000O\000S\000F\000E\000T}{section.3.2}% 16
\BOOKMARK [1][-]{section.3.3}{\376\377\000L\000e\000s\000\040\000p\000a\000r\000a\000m\000\350\000t\000r\000e\000s\000\040\000d\000e\000\040\000s\000\351\000l\000e\000c\000t\000i\000o\000n\000\040\000d\000u\000\040\000t\000r\000a\000n\000s\000i\000s\000t\000o\000r}{chapter.3}% 17
\BOOKMARK [1][-]{section.3.4}{\376\377\000L\000e\000\040\000p\000r\000i\000n\000c\000i\000p\000e}{chapter.3}% 18
\BOOKMARK [1][-]{section.3.5}{\376\377\000C\000o\000m\000p\000a\000r\000a\000i\000s\000o\000n\000\040\000a\000v\000e\000c\000\040\000l\000e\000s\000\040\000t\000r\000a\000n\000s\000i\000s\000t\000o\000r\000s\000\040\000b\000i\000p\000o\000l\000a\000i\000r\000e\000s}{chapter.3}% 19
\BOOKMARK [1][-]{section.3.6}{\376\377\000M\000i\000s\000e\000\040\000e\000n\000\040\000p\000r\000a\000t\000i\000q\000u\000e}{chapter.3}% 20
\BOOKMARK [2][-]{subsection.3.6.1}{\376\377\000B\000r\000a\000n\000c\000h\000e\000m\000e\000n\000t\000s}{section.3.6}% 21
\BOOKMARK [2][-]{subsection.3.6.2}{\376\377\000E\000x\000e\000m\000p\000l\000e\000\040\000d\000e\000\040\000p\000r\000o\000g\000r\000a\000m\000m\000e\000\040\000A\000r\000d\000u\000i\000n\000o}{section.3.6}% 22
\BOOKMARK [0][-]{chapter.4}{\376\377\000C\000o\000n\000c\000l\000u\000s\000i\000o\000n}{}% 23
\BOOKMARK [1][-]{section.4.1}{\376\377\000C\000e\000\040\000q\000u\000'\000i\000l\000\040\000f\000a\000u\000t\000\040\000r\000e\000t\000e\000n\000i\000r}{chapter.4}% 24
\BOOKMARK [1][-]{section.4.2}{\376\377\000L\000e\000s\000\040\000f\000i\000c\000h\000e\000s\000\040\000t\000e\000c\000h\000n\000i\000q\000u\000e\000s}{chapter.4}% 25
