\BOOKMARK [-1][-]{part.1}{\376\377\000I\000\040\000P\000r\000\351\000p\000a\000r\000a\000t\000i\000o\000n\000\040\000d\000u\000\040\000p\000r\000o\000j\000e\000t}{}% 1
\BOOKMARK [0][-]{chapter.1}{\376\377\000I\000n\000t\000r\000o\000d\000u\000c\000t\000i\000o\000n}{part.1}% 2
\BOOKMARK [1][-]{section.1.1}{\376\377\000P\000r\000\351\000s\000e\000n\000t\000a\000t\000i\000o\000n}{chapter.1}% 3
\BOOKMARK [1][-]{section.1.2}{\376\377\000S\000t\000r\000u\000c\000t\000u\000r\000e\000\040\000d\000u\000\040\000p\000r\000o\000j\000e\000t}{chapter.1}% 4
\BOOKMARK [0][-]{chapter.2}{\376\377\000P\000r\000o\000g\000r\000a\000m\000m\000a\000t\000i\000o\000n}{part.1}% 5
\BOOKMARK [1][-]{section.2.1}{\376\377\000P\000r\000o\000g\000r\000a\000m\000m\000a\000t\000i\000o\000n\000\040\000d\000e\000\040\000l\000a\000\040\000P\000r\000o\000-\000M\000i\000n\000i}{chapter.2}% 6
\BOOKMARK [1][-]{section.2.2}{\376\377\000L\000i\000s\000t\000e\000\040\000d\000u\000\040\000m\000a\000t\000\351\000r\000i\000e\000l}{chapter.2}% 7
\BOOKMARK [1][-]{section.2.3}{\376\377\000B\000r\000a\000n\000c\000h\000e\000m\000e\000n\000t\000s}{chapter.2}% 8
\BOOKMARK [1][-]{section.2.4}{\376\377\000T\000\351\000l\000\351\000v\000e\000r\000s\000e\000m\000e\000n\000t}{chapter.2}% 9
\BOOKMARK [1][-]{section.2.5}{\376\377\000P\000r\000o\000g\000r\000a\000m\000m\000a\000t\000i\000o\000n\000\040\000d\000e\000\040\000l\000a\000\040\000N\000a\000n\000o}{chapter.2}% 10
\BOOKMARK [-1][-]{part.2}{\376\377\000I\000I\000\040\000M\000o\000n\000t\000a\000g\000e\000\040\000d\000e\000s\000\040\000c\000i\000r\000c\000u\000i\000t\000s\000\040\000i\000m\000p\000r\000i\000m\000\351\000s}{}% 11
\BOOKMARK [0][-]{chapter.3}{\376\377\000L\000a\000\040\000p\000a\000s\000s\000e\000r\000e\000l\000l\000e}{part.2}% 12
\BOOKMARK [1][-]{section.3.1}{\376\377\000R\000a\000p\000p\000e\000l\000s}{chapter.3}% 13
\BOOKMARK [1][-]{section.3.2}{\376\377\000L\000i\000s\000t\000e\000\040\000d\000u\000\040\000m\000a\000t\000\351\000r\000i\000e\000l\000\040\000d\000e\000\040\000l\000a\000\040\000p\000a\000s\000s\000e\000r\000e\000l\000l\000e}{chapter.3}% 14
\BOOKMARK [1][-]{section.3.3}{\376\377\000P\000l\000a\000c\000e\000m\000e\000n\000t\000\040\000d\000e\000s\000\040\000c\000o\000m\000p\000o\000s\000a\000n\000t\000s}{chapter.3}% 15
\BOOKMARK [1][-]{section.3.4}{\376\377\000M\000i\000s\000e\000\040\000e\000n\000\040\000p\000l\000a\000c\000e\000\040\000d\000u\000\040\000r\000\351\000g\000u\000l\000a\000t\000e\000u\000r\000\040\000d\000e\000\040\000t\000e\000n\000s\000i\000o\000n}{chapter.3}% 16
\BOOKMARK [1][-]{section.3.5}{\376\377\000R\000e\000n\000d\000u\000s}{chapter.3}% 17
\BOOKMARK [0][-]{chapter.4}{\376\377\000L\000a\000\040\000s\000o\000n\000d\000e}{part.2}% 18
\BOOKMARK [1][-]{section.4.1}{\376\377\000R\000a\000p\000p\000e\000l\000s}{chapter.4}% 19
\BOOKMARK [1][-]{section.4.2}{\376\377\000L\000i\000s\000t\000e\000\040\000d\000u\000\040\000m\000a\000t\000\351\000r\000i\000e\000l\000\040\000d\000e\000\040\000l\000a\000\040\000s\000o\000n\000d\000e}{chapter.4}% 20
\BOOKMARK [1][-]{section.4.3}{\376\377\000P\000l\000a\000c\000e\000m\000e\000n\000t\000\040\000d\000e\000s\000\040\000c\000o\000m\000p\000o\000s\000a\000n\000t\000s}{chapter.4}% 21
\BOOKMARK [1][-]{section.4.4}{\376\377\000R\000e\000n\000d\000u\000s}{chapter.4}% 22
\BOOKMARK [0][-]{chapter.5}{\376\377\000V\000\351\000r\000i\000f\000i\000c\000a\000t\000i\000o\000n}{part.2}% 23
\BOOKMARK [1][-]{section.5.1}{\376\377\000L\000e\000s\000\040\000c\000o\000u\000r\000t\000-\000c\000i\000r\000c\000u\000i\000t}{chapter.5}% 24
\BOOKMARK [1][-]{section.5.2}{\376\377\000L\000e\000s\000\040\000s\000o\000n\000d\000e\000s\000\040\000N\000R\000F\0002\0004}{chapter.5}% 25
\BOOKMARK [-1][-]{part.3}{\376\377\000I\000I\000I\000\040\000C\000o\000n\000f\000i\000g\000u\000r\000a\000t\000i\000o\000n\000\040\000d\000e\000\040\000D\000o\000m\000o\000t\000i\000c\000z}{}% 26
\BOOKMARK [0][-]{chapter.6}{\376\377\000L\000a\000\040\000p\000a\000s\000s\000e\000r\000e\000l\000l\000e}{part.3}% 27
\BOOKMARK [1][-]{section.6.1}{\376\377\000A\000j\000o\000u\000t\000\040\000d\000e\000\040\000l\000a\000\040\000p\000a\000s\000s\000e\000r\000e\000l\000l\000e}{chapter.6}% 28
\BOOKMARK [1][-]{section.6.2}{\376\377\000A\000f\000f\000i\000c\000h\000a\000g\000e\000\040\000d\000e\000s\000\040\000d\000o\000n\000n\000\351\000e\000s}{chapter.6}% 29
\BOOKMARK [0][-]{chapter.7}{\376\377\000Q\000u\000e\000s\000t\000i\000o\000n\000s}{part.3}% 30
\BOOKMARK [-1][-]{part.4}{\376\377\000I\000V\000\040\000A\000n\000n\000e\000x\000e\000s}{}% 31
\BOOKMARK [0][-]{appendix.A}{\376\377\000I\000n\000s\000t\000a\000l\000l\000a\000t\000i\000o\000n}{part.4}% 32
\BOOKMARK [1][-]{section.A.1}{\376\377\000I\000n\000s\000t\000a\000l\000l\000a\000t\000i\000o\000n\000\040\000d\000e\000\040\000D\000o\000m\000o\000t\000i\000c\000z\000\040\000s\000u\000r\000\040\000L\000i\000n\000u\000x}{appendix.A}% 33
